#
# A fatal error has been detected by the Java Runtime Environment:
#
#  SIGSEGV (0xb) at pc=0x000000011dec507c, pid=58314, tid=259
#
# JRE version: Java(TM) SE Runtime Environment (20.0.2+9) (build 20.0.2+9-78)
# Java VM: Java HotSpot(TM) 64-Bit Server VM (20.0.2+9-78, mixed mode, sharing, tiered, compressed oops, compressed class ptrs, g1 gc, bsd-aarch64)
# Problematic frame:
# C  [libglass.dylib+0x507c]
#
# No core dump will be written. Core dumps have been disabled. To enable core dumping, try "ulimit -c unlimited" before starting Java again
#
# If you would like to submit a bug report, please visit:
#   https://bugreport.java.com/bugreport/crash.jsp
#

---------------  S U M M A R Y ------------

Command Line: --module-path=/Users/fianchetto/Downloads/javafx-sdk-20.0.2/lib --add-modules=javafx.controls,javafx.fxml -Dfile.encoding=UTF-8 -XX:+ShowCodeDetailsInExceptionMessages main.Main

Host: "MacBookAir10,1" arm64, 8 cores, 8G, Darwin 23.1.0, macOS 14.1.2 (23B92)
Time: Tue Dec 19 20:26:57 2023 PST elapsed time: 650.540765 seconds (0d 0h 10m 50s)

---------------  T H R E A D  ---------------

Current thread is native thread

Stack: [0x000000016ec2c000,0x000000016f428000],  sp=0x000000016f4242b0,  free space=8160k
Native frames: (J=compiled Java code, j=interpreted, Vv=VM code, C=native code)
C  [libglass.dylib+0x507c]
C  [CoreFoundation+0x72820]  __CFNOTIFICATIONCENTER_IS_CALLING_OUT_TO_AN_OBSERVER__+0x94
C  [CoreFoundation+0x1068ec]  ___CFXRegistrationPost_block_invoke+0x58
C  [CoreFoundation+0x106834]  _CFXRegistrationPost+0x1b8
C  [CoreFoundation+0x4148c]  _CFXNotificationPost+0x2fc
C  [Foundation+0x9030]  -[NSNotificationCenter postNotificationName:object:userInfo:]+0x58
C  [AppKit+0x194a40]  -[NSWindow resignKeyWindow]+0x280
C  [AppKit+0xad9a90]  -[NSWindow _orderOut:calculatingKeyWithOptions:documentWindow:]+0xdc
C  [AppKit+0x7bab0]  NSPerformVisuallyAtomicChange+0x6c
C  [AppKit+0xadb51c]  -[NSWindow _reallyDoOrderWindowOutRelativeTo:]+0x1c0
C  [AppKit+0xadb8d4]  -[NSWindow _reallyDoOrderWindow:]+0x50
C  [AppKit+0xadbb24]  -[NSWindow _doOrderWindow:]+0x108
C  [AppKit+0xad7000]  -[NSWindow _finishClosingWindow]+0x1d8
C  [AppKit+0x2c2a1c]  -[NSWindow _close]+0x198
C  [libglass.dylib+0x18b98]  Java_com_sun_glass_ui_mac_MacPasteboard__1getAllowedOperation+0x358
C  [Foundation+0x782d8]  __NSThreadPerformPerform+0x108
C  [CoreFoundation+0x7dcfc]  __CFRUNLOOP_IS_CALLING_OUT_TO_A_SOURCE0_PERFORM_FUNCTION__+0x1c
C  [CoreFoundation+0x7dc90]  __CFRunLoopDoSource0+0xb0
C  [CoreFoundation+0x7da60]  __CFRunLoopDoSources0+0x154
C  [CoreFoundation+0x7c5f0]  __CFRunLoopRun+0x33c
C  [CoreFoundation+0x7bc5c]  CFRunLoopRunSpecific+0x260
C  [libjli.dylib+0x91d8]  CreateExecutionEnvironment+0x190
C  [libjli.dylib+0x55dc]  JLI_Launch+0x4bc
C  [java+0x3bbc]  main+0x18c
C  [dyld+0x60e0]  start+0x938

siginfo: si_signo: 11 (SIGSEGV), si_code: 2 (SEGV_ACCERR), si_addr: 0x0000000000000000

Registers:
 x0=0x0000000000000000  x1=0x0000000100e80600  x2=0x000000015c1a3000  x3=0x0000000000000031
 x4=0xffffffffffe95ac8  x5=0x0000000000000010  x6=0x0000000000001200  x7=0x0000000000000270
 x8=0x0000000000000103  x9=0x0000000000000103 x10=0x0000000000bf3d01 x11=0x000000000071e600
x12=0x000000015c000028 x13=0x00000000ffff8031 x14=0x0000000000000cd7 x15=0x00000000ffff7dff
x16=0x00000000e4a8c32d x17=0x000000018eb68604 x18=0x0000000000000000 x19=0x0000600003de60a0
x20=0x000000015c02c800 x21=0x0000000000000000 x22=0x000000011df06560 x23=0x000000015c02c8c8
x24=0x0000000000000000 x25=0x0000000000041400 x26=0x0000000000000000 x27=0x0000004700000044
x28=0x000000016f4247b8  fp=0x000000016f424700  lr=0x172300011dec5078  sp=0x000000016f4242b0
pc=0x000000011dec507c cpsr=0x0000000060001000

Top of Stack: (sp=0x000000016f4242b0)
0x000000016f4242b0:   000000011def6650 000000011def65cb
0x000000016f4242c0:   0000000000000060 000000011dec503c
0x000000016f4242d0:   000000018ee02820 000000018ee968ec
0x000000016f4242e0:   000000018ee96834 000000018edd148c
0x000000016f4242f0:   000000018fec3030 0000000192741a40
0x000000016f424300:   0000000193086a90 0000000192628ab0
0x000000016f424310:   000000019308851c 00000001930888d4
0x000000016f424320:   0000000193088b24 0000000193084000
0x000000016f424330:   000000019286fa1c 000000011ded8b98
0x000000016f424340:   000000018ff322d8 000000018ee0dcfc
0x000000016f424350:   000000018ee0dc90 000000018ee0da60
0x000000016f424360:   000000018ee0c5f0 000000018ee0bc5c
0x000000016f424370:   0000000100e611d8 0000000100e5d5dc
0x000000016f424380:   00000001009dbbbc 000000018e9b50e0
0x000000016f424390:   0000000000000000 0000000000000000
0x000000016f4243a0:   0000000000000000 0000000000000000
0x000000016f4243b0:   0000000000000000 0000000000000000
0x000000016f4243c0:   0000000000000000 0000000000000000
0x000000016f4243d0:   0000000000000000 0000000000000000
0x000000016f4243e0:   0000000000000000 0000000000000000
0x000000016f4243f0:   0000000000000000 0000000000000000
0x000000016f424400:   0000000000000000 0000000000000000
0x000000016f424410:   0000000000000000 0000000000000000
0x000000016f424420:   0000000000000000 0000000000000000
0x000000016f424430:   0000000000000000 0000000000000000
0x000000016f424440:   0000000000000000 0000000000000000
0x000000016f424450:   0000600000ef26a0 000060000017d4d0
0x000000016f424460:   000000016f424490 2f1a80018ed980a4
0x000000016f424470:   0000000000000000 0000000000000000
0x000000016f424480:   000000015be45950 000060000249c468
0x000000016f424490:   0000600002bf6640 00000001e4ee1fa0
0x000000016f4244a0:   000000015d009000 000000015d009500 

Instructions: (pc=0x000000011dec507c)
0x000000011dec4f7c:   d503201f 5820b382 aa1403e0 d63f0100
0x000000011dec4f8c:   f85c83a8 d503201f 581b8be9 f9400129
0x000000011dec4f9c:   eb08013f 54fff880 94009b92 a9bc5ff8
0x000000011dec4fac:   a90157f6 a9024ff4 a9037bfd 9100c3fd
0x000000011dec4fbc:   d11083ff d503201f 581b8a68 f9400108
0x000000011dec4fcc:   f81c83a8 d503201f d503201f 98205788
0x000000011dec4fdc:   f8686808 b5000668 aa0003f3 9400a04e
0x000000011dec4fec:   1020abb6 d503201f f94002c0 b5000420
0x000000011dec4ffc:   d503201f 581b88c8 f9400100 52800c0a
0x000000011dec500c:   7018ade8 d503201f 1018b1e9 d503201f
0x000000011dec501c:   a900abe8 f90003e9 5018a921 d503201f
0x000000011dec502c:   94009b8e 910063e0 52801001 94009b79
0x000000011dec503c:   aa0003f5 910063e0 aa1503e1 94009b78
0x000000011dec504c:   aa0003f4 710006bf 540000eb 2a1503f5
0x000000011dec505c:   aa1403f7 f84086e0 94009c58 f10006b5
0x000000011dec506c:   54ffffa1 aa1403e0 94009b7f f94002c0
0x000000011dec507c:   f9400008 f940f508 d503201f d503201f
0x000000011dec508c:   98205129 f8696a61 d503201f d503201f
0x000000011dec509c:   5820aa22 528043a9 f90003e9 d63f0100
0x000000011dec50ac:   f85c83a8 d503201f 581b82e9 f9400129
0x000000011dec50bc:   eb08013f 540000e1 911083ff a9437bfd
0x000000011dec50cc:   a9424ff4 a94157f6 a8c45ff8 d65f03c0
0x000000011dec50dc:   94009b44 a9bd57f6 a9014ff4 a9027bfd
0x000000011dec50ec:   910083fd aa0003f3 d503201f d503201f
0x000000011dec50fc:   98204dd4 f8746800 9400a84f b40000a0
0x000000011dec510c:   f8746a60 9400a84c f8746a62 9400a932
0x000000011dec511c:   f8746a60 9400a1a8 aa0003f4 9400a216
0x000000011dec512c:   b4000160 d2800015 aa1403e0 aa1503e2
0x000000011dec513c:   9400a7e9 9400a1b8 910006b5 aa1403e0
0x000000011dec514c:   9400a20d eb0002bf 54ffff03 d503201f
0x000000011dec515c:   d503201f 5820a000 b40001c0 f9400008
0x000000011dec516c:   f940f503 d503201f d503201f 982049c8 



---------------  P R O C E S S  ---------------

VM state: at safepoint (normal execution)

VM Mutex/Monitor currently owned by a thread:  ([mutex/lock_event])
[0x0000600001ae27c0] Threads_lock - owner thread: 0x000000015bf04700
[0x0000600001ae2940] Heap_lock - owner thread: 0x000000014c008200

Heap address: 0x0000000780000000, size: 2048 MB, Compressed Oops mode: Zero based, Oop shift amount: 3

CDS archive(s) mapped at: [0x0000007000000000-0x0000007000c78000-0x0000007000c78000), size 13074432, SharedBaseAddress: 0x0000007000000000, ArchiveRelocationMode: 1.
Compressed class space mapped at: 0x0000007001000000-0x0000007041000000, reserved size: 1073741824
Narrow klass base: 0x0000007000000000, Narrow klass shift: 0, Narrow klass range: 0x100000000

GC Precious Log:
<Skipped>

Heap:
 garbage-first heap   total 133120K, used 56206K [0x0000000780000000, 0x0000000800000000)
  region size 1024K, 12 young (12288K), 6 survivors (6144K)
 Metaspace       used 13182K, committed 13440K, reserved 1114112K
  class space    used 1805K, committed 1920K, reserved 1048576K

Heap Regions: E=young(eden), S=young(survivor), O=old, HS=humongous(starts), HC=humongous(continues), CS=collection set, F=free, OA=open archive, CA=closed archive, TAMS=top-at-mark-start, PB=parsable bottom
|   0|0x0000000780000000, 0x0000000780100000, 0x0000000780100000|100%|HS|  |TAMS 0x0000000780000000| PB 0x0000000780000000| Complete 
|   1|0x0000000780100000, 0x0000000780200000, 0x0000000780200000|100%|HC|  |TAMS 0x0000000780100000| PB 0x0000000780100000| Complete 
|   2|0x0000000780200000, 0x0000000780300000, 0x0000000780300000|100%|HC|  |TAMS 0x0000000780200000| PB 0x0000000780200000| Complete 
|   3|0x0000000780300000, 0x0000000780400000, 0x0000000780400000|100%|HC|  |TAMS 0x0000000780300000| PB 0x0000000780300000| Complete 
|   4|0x0000000780400000, 0x0000000780500000, 0x0000000780500000|100%|HC|  |TAMS 0x0000000780400000| PB 0x0000000780400000| Complete 
|   5|0x0000000780500000, 0x0000000780600000, 0x0000000780600000|100%|HC|  |TAMS 0x0000000780500000| PB 0x0000000780500000| Complete 
|   6|0x0000000780600000, 0x0000000780700000, 0x0000000780700000|100%|HC|  |TAMS 0x0000000780600000| PB 0x0000000780600000| Complete 
|   7|0x0000000780700000, 0x0000000780800000, 0x0000000780800000|100%|HC|  |TAMS 0x0000000780700000| PB 0x0000000780700000| Complete 
|   8|0x0000000780800000, 0x0000000780900000, 0x0000000780900000|100%|HC|  |TAMS 0x0000000780800000| PB 0x0000000780800000| Complete 
|   9|0x0000000780900000, 0x0000000780a00000, 0x0000000780a00000|100%|HC|  |TAMS 0x0000000780900000| PB 0x0000000780900000| Complete 
|  10|0x0000000780a00000, 0x0000000780b00000, 0x0000000780b00000|100%|HC|  |TAMS 0x0000000780a00000| PB 0x0000000780a00000| Complete 
|  11|0x0000000780b00000, 0x0000000780c00000, 0x0000000780c00000|100%|HC|  |TAMS 0x0000000780b00000| PB 0x0000000780b00000| Complete 
|  12|0x0000000780c00000, 0x0000000780d00000, 0x0000000780d00000|100%|HS|  |TAMS 0x0000000780c00000| PB 0x0000000780c00000| Complete 
|  13|0x0000000780d00000, 0x0000000780d00000, 0x0000000780e00000|  0%| F|  |TAMS 0x0000000780d00000| PB 0x0000000780d00000| Untracked 
|  14|0x0000000780e00000, 0x0000000780e00000, 0x0000000780f00000|  0%| F|  |TAMS 0x0000000780e00000| PB 0x0000000780e00000| Untracked 
|  15|0x0000000780f00000, 0x0000000780f00000, 0x0000000781000000|  0%| F|  |TAMS 0x0000000780f00000| PB 0x0000000780f00000| Untracked 
|  16|0x0000000781000000, 0x0000000781000000, 0x0000000781100000|  0%| F|  |TAMS 0x0000000781000000| PB 0x0000000781000000| Untracked 
|  17|0x0000000781100000, 0x0000000781100000, 0x0000000781200000|  0%| F|  |TAMS 0x0000000781100000| PB 0x0000000781100000| Untracked 
|  18|0x0000000781200000, 0x0000000781200000, 0x0000000781300000|  0%| F|  |TAMS 0x0000000781200000| PB 0x0000000781200000| Untracked 
|  19|0x0000000781300000, 0x0000000781300000, 0x0000000781400000|  0%| F|  |TAMS 0x0000000781300000| PB 0x0000000781300000| Untracked 
|  20|0x0000000781400000, 0x0000000781400000, 0x0000000781500000|  0%| F|  |TAMS 0x0000000781400000| PB 0x0000000781400000| Untracked 
|  21|0x0000000781500000, 0x0000000781500000, 0x0000000781600000|  0%| F|  |TAMS 0x0000000781500000| PB 0x0000000781500000| Untracked 
|  22|0x0000000781600000, 0x0000000781600000, 0x0000000781700000|  0%| F|  |TAMS 0x0000000781600000| PB 0x0000000781600000| Untracked 
|  23|0x0000000781700000, 0x0000000781700000, 0x0000000781800000|  0%| F|  |TAMS 0x0000000781700000| PB 0x0000000781700000| Untracked 
|  24|0x0000000781800000, 0x0000000781800000, 0x0000000781900000|  0%| F|  |TAMS 0x0000000781800000| PB 0x0000000781800000| Untracked 
|  25|0x0000000781900000, 0x0000000781a00000, 0x0000000781a00000|100%|HS|  |TAMS 0x0000000781900000| PB 0x0000000781900000| Complete 
|  26|0x0000000781a00000, 0x0000000781b00000, 0x0000000781b00000|100%|HC|  |TAMS 0x0000000781a00000| PB 0x0000000781a00000| Complete 
|  27|0x0000000781b00000, 0x0000000781c00000, 0x0000000781c00000|100%|HS|  |TAMS 0x0000000781b00000| PB 0x0000000781b00000| Complete 
|  28|0x0000000781c00000, 0x0000000781d00000, 0x0000000781d00000|100%|HC|  |TAMS 0x0000000781c00000| PB 0x0000000781c00000| Complete 
|  29|0x0000000781d00000, 0x0000000781e00000, 0x0000000781e00000|100%|HC|  |TAMS 0x0000000781d00000| PB 0x0000000781d00000| Complete 
|  30|0x0000000781e00000, 0x0000000781f00000, 0x0000000781f00000|100%|HC|  |TAMS 0x0000000781e00000| PB 0x0000000781e00000| Complete 
|  31|0x0000000781f00000, 0x0000000782000000, 0x0000000782000000|100%|HC|  |TAMS 0x0000000781f00000| PB 0x0000000781f00000| Complete 
|  32|0x0000000782000000, 0x0000000782100000, 0x0000000782100000|100%|HC|  |TAMS 0x0000000782000000| PB 0x0000000782000000| Complete 
|  33|0x0000000782100000, 0x0000000782200000, 0x0000000782200000|100%|HC|  |TAMS 0x0000000782100000| PB 0x0000000782100000| Complete 
|  34|0x0000000782200000, 0x0000000782300000, 0x0000000782300000|100%|HC|  |TAMS 0x0000000782200000| PB 0x0000000782200000| Complete 
|  35|0x0000000782300000, 0x0000000782400000, 0x0000000782400000|100%|HC|  |TAMS 0x0000000782300000| PB 0x0000000782300000| Complete 
|  36|0x0000000782400000, 0x0000000782500000, 0x0000000782500000|100%|HC|  |TAMS 0x0000000782400000| PB 0x0000000782400000| Complete 
|  37|0x0000000782500000, 0x0000000782600000, 0x0000000782600000|100%|HC|  |TAMS 0x0000000782500000| PB 0x0000000782500000| Complete 
|  38|0x0000000782600000, 0x0000000782700000, 0x0000000782700000|100%|HC|  |TAMS 0x0000000782600000| PB 0x0000000782600000| Complete 
|  39|0x0000000782700000, 0x0000000782800000, 0x0000000782800000|100%|HS|  |TAMS 0x0000000782700000| PB 0x0000000782700000| Complete 
|  40|0x0000000782800000, 0x0000000782900000, 0x0000000782900000|100%|HS|  |TAMS 0x0000000782800000| PB 0x0000000782800000| Complete 
|  41|0x0000000782900000, 0x0000000782a00000, 0x0000000782a00000|100%|HS|  |TAMS 0x0000000782900000| PB 0x0000000782900000| Complete 
|  42|0x0000000782a00000, 0x0000000782b00000, 0x0000000782b00000|100%|HS|  |TAMS 0x0000000782a00000| PB 0x0000000782a00000| Complete 
|  43|0x0000000782b00000, 0x0000000782c00000, 0x0000000782c00000|100%|HC|  |TAMS 0x0000000782b00000| PB 0x0000000782b00000| Complete 
|  44|0x0000000782c00000, 0x0000000782d00000, 0x0000000782d00000|100%|HC|  |TAMS 0x0000000782c00000| PB 0x0000000782c00000| Complete 
|  45|0x0000000782d00000, 0x0000000782e00000, 0x0000000782e00000|100%|HC|  |TAMS 0x0000000782d00000| PB 0x0000000782d00000| Complete 
|  46|0x0000000782e00000, 0x0000000782f00000, 0x0000000782f00000|100%|HC|  |TAMS 0x0000000782e00000| PB 0x0000000782e00000| Complete 
|  47|0x0000000782f00000, 0x0000000783000000, 0x0000000783000000|100%|HC|  |TAMS 0x0000000782f00000| PB 0x0000000782f00000| Complete 
|  48|0x0000000783000000, 0x0000000783100000, 0x0000000783100000|100%|HC|  |TAMS 0x0000000783000000| PB 0x0000000783000000| Complete 
|  49|0x0000000783100000, 0x0000000783200000, 0x0000000783200000|100%|HC|  |TAMS 0x0000000783100000| PB 0x0000000783100000| Complete 
|  50|0x0000000783200000, 0x0000000783300000, 0x0000000783300000|100%|HC|  |TAMS 0x0000000783200000| PB 0x0000000783200000| Complete 
|  51|0x0000000783300000, 0x0000000783400000, 0x0000000783400000|100%|HC|  |TAMS 0x0000000783300000| PB 0x0000000783300000| Complete 
|  52|0x0000000783400000, 0x0000000783500000, 0x0000000783500000|100%|HC|  |TAMS 0x0000000783400000| PB 0x0000000783400000| Complete 
|  53|0x0000000783500000, 0x0000000783600000, 0x0000000783600000|100%|HC|  |TAMS 0x0000000783500000| PB 0x0000000783500000| Complete 
|  54|0x0000000783600000, 0x00000007836eba00, 0x0000000783700000| 92%| O|  |TAMS 0x0000000783600000| PB 0x0000000783600000| Untracked 
|  55|0x0000000783700000, 0x0000000783700000, 0x0000000783800000|  0%| F|  |TAMS 0x0000000783700000| PB 0x0000000783700000| Untracked 
|  56|0x0000000783800000, 0x0000000783800000, 0x0000000783900000|  0%| F|  |TAMS 0x0000000783800000| PB 0x0000000783800000| Untracked 
|  57|0x0000000783900000, 0x0000000783900000, 0x0000000783a00000|  0%| F|  |TAMS 0x0000000783900000| PB 0x0000000783900000| Untracked 
|  58|0x0000000783a00000, 0x0000000783a00000, 0x0000000783b00000|  0%| F|  |TAMS 0x0000000783a00000| PB 0x0000000783a00000| Untracked 
|  59|0x0000000783b00000, 0x0000000783b00000, 0x0000000783c00000|  0%| F|  |TAMS 0x0000000783b00000| PB 0x0000000783b00000| Untracked 
|  60|0x0000000783c00000, 0x0000000783c00000, 0x0000000783d00000|  0%| F|  |TAMS 0x0000000783c00000| PB 0x0000000783c00000| Untracked 
|  61|0x0000000783d00000, 0x0000000783d00000, 0x0000000783e00000|  0%| F|  |TAMS 0x0000000783d00000| PB 0x0000000783d00000| Untracked 
|  62|0x0000000783e00000, 0x0000000783e00000, 0x0000000783f00000|  0%| F|  |TAMS 0x0000000783e00000| PB 0x0000000783e00000| Untracked 
|  63|0x0000000783f00000, 0x0000000783f00000, 0x0000000784000000|  0%| F|  |TAMS 0x0000000783f00000| PB 0x0000000783f00000| Untracked 
|  64|0x0000000784000000, 0x0000000784000000, 0x0000000784100000|  0%| F|  |TAMS 0x0000000784000000| PB 0x0000000784000000| Untracked 
|  65|0x0000000784100000, 0x0000000784100000, 0x0000000784200000|  0%| F|  |TAMS 0x0000000784100000| PB 0x0000000784100000| Untracked 
|  66|0x0000000784200000, 0x0000000784200000, 0x0000000784300000|  0%| F|  |TAMS 0x0000000784200000| PB 0x0000000784200000| Untracked 
|  67|0x0000000784300000, 0x0000000784300000, 0x0000000784400000|  0%| F|  |TAMS 0x0000000784300000| PB 0x0000000784300000| Untracked 
|  68|0x0000000784400000, 0x0000000784400000, 0x0000000784500000|  0%| F|  |TAMS 0x0000000784400000| PB 0x0000000784400000| Untracked 
|  69|0x0000000784500000, 0x0000000784500000, 0x0000000784600000|  0%| F|  |TAMS 0x0000000784500000| PB 0x0000000784500000| Untracked 
|  70|0x0000000784600000, 0x0000000784600000, 0x0000000784700000|  0%| F|  |TAMS 0x0000000784600000| PB 0x0000000784600000| Untracked 
|  71|0x0000000784700000, 0x0000000784700000, 0x0000000784800000|  0%| F|  |TAMS 0x0000000784700000| PB 0x0000000784700000| Untracked 
|  72|0x0000000784800000, 0x0000000784800000, 0x0000000784900000|  0%| F|  |TAMS 0x0000000784800000| PB 0x0000000784800000| Untracked 
|  73|0x0000000784900000, 0x0000000784900000, 0x0000000784a00000|  0%| F|  |TAMS 0x0000000784900000| PB 0x0000000784900000| Untracked 
|  74|0x0000000784a00000, 0x0000000784a00000, 0x0000000784b00000|  0%| F|  |TAMS 0x0000000784a00000| PB 0x0000000784a00000| Untracked 
|  75|0x0000000784b00000, 0x0000000784b00000, 0x0000000784c00000|  0%| F|  |TAMS 0x0000000784b00000| PB 0x0000000784b00000| Untracked 
|  76|0x0000000784c00000, 0x0000000784c00000, 0x0000000784d00000|  0%| F|  |TAMS 0x0000000784c00000| PB 0x0000000784c00000| Untracked 
|  77|0x0000000784d00000, 0x0000000784d00000, 0x0000000784e00000|  0%| F|  |TAMS 0x0000000784d00000| PB 0x0000000784d00000| Untracked 
|  78|0x0000000784e00000, 0x0000000784e00000, 0x0000000784f00000|  0%| F|  |TAMS 0x0000000784e00000| PB 0x0000000784e00000| Untracked 
|  79|0x0000000784f00000, 0x0000000784f00000, 0x0000000785000000|  0%| F|  |TAMS 0x0000000784f00000| PB 0x0000000784f00000| Untracked 
|  80|0x0000000785000000, 0x0000000785000000, 0x0000000785100000|  0%| F|  |TAMS 0x0000000785000000| PB 0x0000000785000000| Untracked 
|  81|0x0000000785100000, 0x0000000785100000, 0x0000000785200000|  0%| F|  |TAMS 0x0000000785100000| PB 0x0000000785100000| Untracked 
|  82|0x0000000785200000, 0x0000000785200000, 0x0000000785300000|  0%| F|  |TAMS 0x0000000785200000| PB 0x0000000785200000| Untracked 
|  83|0x0000000785300000, 0x0000000785300000, 0x0000000785400000|  0%| F|  |TAMS 0x0000000785300000| PB 0x0000000785300000| Untracked 
|  84|0x0000000785400000, 0x0000000785400000, 0x0000000785500000|  0%| F|  |TAMS 0x0000000785400000| PB 0x0000000785400000| Untracked 
|  85|0x0000000785500000, 0x0000000785600000, 0x0000000785600000|100%| S|CS|TAMS 0x0000000785500000| PB 0x0000000785500000| Complete 
|  86|0x0000000785600000, 0x0000000785700000, 0x0000000785700000|100%| S|CS|TAMS 0x0000000785600000| PB 0x0000000785600000| Complete 
|  87|0x0000000785700000, 0x0000000785800000, 0x0000000785800000|100%| S|CS|TAMS 0x0000000785700000| PB 0x0000000785700000| Complete 
|  88|0x0000000785800000, 0x0000000785900000, 0x0000000785900000|100%| S|CS|TAMS 0x0000000785800000| PB 0x0000000785800000| Complete 
|  89|0x0000000785900000, 0x0000000785a00000, 0x0000000785a00000|100%| S|CS|TAMS 0x0000000785900000| PB 0x0000000785900000| Complete 
|  90|0x0000000785a00000, 0x0000000785b00000, 0x0000000785b00000|100%| S|CS|TAMS 0x0000000785a00000| PB 0x0000000785a00000| Complete 
|  91|0x0000000785b00000, 0x0000000785b00000, 0x0000000785c00000|  0%| F|  |TAMS 0x0000000785b00000| PB 0x0000000785b00000| Untracked 
|  92|0x0000000785c00000, 0x0000000785c00000, 0x0000000785d00000|  0%| F|  |TAMS 0x0000000785c00000| PB 0x0000000785c00000| Untracked 
|  93|0x0000000785d00000, 0x0000000785d00000, 0x0000000785e00000|  0%| F|  |TAMS 0x0000000785d00000| PB 0x0000000785d00000| Untracked 
|  94|0x0000000785e00000, 0x0000000785e00000, 0x0000000785f00000|  0%| F|  |TAMS 0x0000000785e00000| PB 0x0000000785e00000| Untracked 
|  95|0x0000000785f00000, 0x0000000785f00000, 0x0000000786000000|  0%| F|  |TAMS 0x0000000785f00000| PB 0x0000000785f00000| Untracked 
|  96|0x0000000786000000, 0x0000000786000000, 0x0000000786100000|  0%| F|  |TAMS 0x0000000786000000| PB 0x0000000786000000| Untracked 
|  97|0x0000000786100000, 0x0000000786100000, 0x0000000786200000|  0%| F|  |TAMS 0x0000000786100000| PB 0x0000000786100000| Untracked 
|  98|0x0000000786200000, 0x0000000786200000, 0x0000000786300000|  0%| F|  |TAMS 0x0000000786200000| PB 0x0000000786200000| Untracked 
|  99|0x0000000786300000, 0x0000000786300000, 0x0000000786400000|  0%| F|  |TAMS 0x0000000786300000| PB 0x0000000786300000| Untracked 
| 100|0x0000000786400000, 0x0000000786400000, 0x0000000786500000|  0%| F|  |TAMS 0x0000000786400000| PB 0x0000000786400000| Untracked 
| 101|0x0000000786500000, 0x0000000786500000, 0x0000000786600000|  0%| F|  |TAMS 0x0000000786500000| PB 0x0000000786500000| Untracked 
| 102|0x0000000786600000, 0x0000000786600000, 0x0000000786700000|  0%| F|  |TAMS 0x0000000786600000| PB 0x0000000786600000| Untracked 
| 103|0x0000000786700000, 0x0000000786700000, 0x0000000786800000|  0%| F|  |TAMS 0x0000000786700000| PB 0x0000000786700000| Untracked 
| 104|0x0000000786800000, 0x0000000786800000, 0x0000000786900000|  0%| F|  |TAMS 0x0000000786800000| PB 0x0000000786800000| Untracked 
| 105|0x0000000786900000, 0x0000000786900000, 0x0000000786a00000|  0%| F|  |TAMS 0x0000000786900000| PB 0x0000000786900000| Untracked 
| 106|0x0000000786a00000, 0x0000000786a00000, 0x0000000786b00000|  0%| F|  |TAMS 0x0000000786a00000| PB 0x0000000786a00000| Untracked 
| 107|0x0000000786b00000, 0x0000000786b00000, 0x0000000786c00000|  0%| F|  |TAMS 0x0000000786b00000| PB 0x0000000786b00000| Untracked 
| 108|0x0000000786c00000, 0x0000000786c00000, 0x0000000786d00000|  0%| F|  |TAMS 0x0000000786c00000| PB 0x0000000786c00000| Untracked 
| 109|0x0000000786d00000, 0x0000000786d00000, 0x0000000786e00000|  0%| F|  |TAMS 0x0000000786d00000| PB 0x0000000786d00000| Untracked 
| 110|0x0000000786e00000, 0x0000000786e00000, 0x0000000786f00000|  0%| F|  |TAMS 0x0000000786e00000| PB 0x0000000786e00000| Untracked 
| 111|0x0000000786f00000, 0x0000000786f00000, 0x0000000787000000|  0%| F|  |TAMS 0x0000000786f00000| PB 0x0000000786f00000| Untracked 
| 112|0x0000000787000000, 0x0000000787000000, 0x0000000787100000|  0%| F|  |TAMS 0x0000000787000000| PB 0x0000000787000000| Untracked 
| 113|0x0000000787100000, 0x0000000787100000, 0x0000000787200000|  0%| F|  |TAMS 0x0000000787100000| PB 0x0000000787100000| Untracked 
| 114|0x0000000787200000, 0x0000000787200000, 0x0000000787300000|  0%| F|  |TAMS 0x0000000787200000| PB 0x0000000787200000| Untracked 
| 115|0x0000000787300000, 0x0000000787300000, 0x0000000787400000|  0%| F|  |TAMS 0x0000000787300000| PB 0x0000000787300000| Untracked 
| 116|0x0000000787400000, 0x0000000787400000, 0x0000000787500000|  0%| F|  |TAMS 0x0000000787400000| PB 0x0000000787400000| Untracked 
| 117|0x0000000787500000, 0x0000000787500000, 0x0000000787600000|  0%| F|  |TAMS 0x0000000787500000| PB 0x0000000787500000| Untracked 
| 118|0x0000000787600000, 0x0000000787600000, 0x0000000787700000|  0%| F|  |TAMS 0x0000000787600000| PB 0x0000000787600000| Untracked 
| 119|0x0000000787700000, 0x0000000787700000, 0x0000000787800000|  0%| F|  |TAMS 0x0000000787700000| PB 0x0000000787700000| Untracked 
| 120|0x0000000787800000, 0x0000000787800000, 0x0000000787900000|  0%| F|  |TAMS 0x0000000787800000| PB 0x0000000787800000| Untracked 
| 121|0x0000000787900000, 0x0000000787900000, 0x0000000787a00000|  0%| F|  |TAMS 0x0000000787900000| PB 0x0000000787900000| Untracked 
| 122|0x0000000787a00000, 0x0000000787a33b68, 0x0000000787b00000| 20%| E|  |TAMS 0x0000000787a00000| PB 0x0000000787a00000| Complete 
| 123|0x0000000787b00000, 0x0000000787c00000, 0x0000000787c00000|100%| E|CS|TAMS 0x0000000787b00000| PB 0x0000000787b00000| Complete 
| 124|0x0000000787c00000, 0x0000000787d00000, 0x0000000787d00000|100%| E|CS|TAMS 0x0000000787c00000| PB 0x0000000787c00000| Complete 
| 125|0x0000000787d00000, 0x0000000787e00000, 0x0000000787e00000|100%| E|CS|TAMS 0x0000000787d00000| PB 0x0000000787d00000| Complete 
| 126|0x0000000787e00000, 0x0000000787f00000, 0x0000000787f00000|100%| E|CS|TAMS 0x0000000787e00000| PB 0x0000000787e00000| Complete 
| 127|0x0000000787f00000, 0x0000000788000000, 0x0000000788000000|100%| E|CS|TAMS 0x0000000787f00000| PB 0x0000000787f00000| Complete 
|2046|0x00000007ffe00000, 0x00000007ffe78000, 0x00000007fff00000| 46%|OA|  |TAMS 0x00000007ffe00000| PB 0x00000007ffe00000| Untracked 
|2047|0x00000007fff00000, 0x00000007fff80000, 0x0000000800000000| 50%|CA|  |TAMS 0x00000007fff00000| PB 0x00000007fff00000| Untracked 

Card table byte_map: [0x00000001012f8000,0x00000001016f8000] _byte_map_base: 0x00000000fd6f8000

Marking Bits: (CMBitMap*) 0x000000015c00a010
 Bits: [0x0000000119dc8000, 0x000000011bdc8000)

Polling page: 0x00000001009ec000

Metaspace:

Usage:
  Non-class:     11.11 MB used.
      Class:      1.76 MB used.
       Both:     12.87 MB used.

Virtual space:
  Non-class space:       64.00 MB reserved,      11.25 MB ( 18%) committed,  1 nodes.
      Class space:        1.00 GB reserved,       1.88 MB ( <1%) committed,  1 nodes.
             Both:        1.06 GB reserved,      13.12 MB (  1%) committed. 

Chunk freelists:
   Non-Class:  3.23 MB
       Class:  2.12 MB
        Both:  5.36 MB

MaxMetaspaceSize: unlimited
CompressedClassSpaceSize: 1.00 GB
Initial GC threshold: 21.00 MB
Current GC threshold: 21.00 MB
CDS: on
MetaspaceReclaimPolicy: balanced
 - commit_granule_bytes: 65536.
 - commit_granule_words: 8192.
 - virtual_space_node_default_size: 8388608.
 - enlarge_chunks_in_place: 1.
 - new_chunks_are_fully_committed: 0.
 - uncommit_free_chunks: 1.
 - use_allocation_guard: 0.


Internal statistics:

num_allocs_failed_limit: 0.
num_arena_births: 228.
num_arena_deaths: 0.
num_vsnodes_births: 2.
num_vsnodes_deaths: 0.
num_space_committed: 210.
num_space_uncommitted: 0.
num_chunks_returned_to_freelist: 0.
num_chunks_taken_from_freelist: 686.
num_chunk_merges: 0.
num_chunk_splits: 478.
num_chunks_enlarged: 372.
num_inconsistent_stats: 0.

CodeHeap 'non-profiled nmethods': size=120032Kb used=1197Kb max_used=1197Kb free=118834Kb
 bounds [0x0000000112890000, 0x0000000112b00000, 0x0000000119dc8000]
CodeHeap 'profiled nmethods': size=120016Kb used=5679Kb max_used=5679Kb free=114337Kb
 bounds [0x000000010adc8000, 0x000000010b358000, 0x00000001122fc000]
CodeHeap 'non-nmethods': size=5712Kb used=1538Kb max_used=1564Kb free=4173Kb
 bounds [0x00000001122fc000, 0x000000011256c000, 0x0000000112890000]
 total_blobs=3797 nmethods=3017 adapters=694
 compilation: enabled
              stopped_count=0, restarted_count=0
 full_count=0

Compilation events (20 events):
Event: 649.888 Thread 0x000000015f00ca00 3109       4       java.lang.Math::round (56 bytes)
Event: 649.889 Thread 0x000000015f00ca00 nmethod 3109 0x00000001129bac90 code [0x00000001129bae00, 0x00000001129baeb8]
Event: 649.918 Thread 0x000000013c00ae00 3110       3       java.lang.invoke.MethodHandles::constant (88 bytes)
Event: 649.919 Thread 0x000000013c00ae00 nmethod 3110 0x000000010b34ff90 code [0x000000010b350340, 0x000000010b351280]
Event: 649.919 Thread 0x000000013c00ae00 3111       3       java.lang.invoke.MethodHandles$Lookup::getDirectMethodNoSecurityManager (18 bytes)
Event: 649.919 Thread 0x000000013c00ae00 nmethod 3111 0x000000010b351810 code [0x000000010b3519c0, 0x000000010b351b30]
Event: 649.919 Thread 0x000000013c00ae00 3112       3       jdk.internal.org.objectweb.asm.SymbolTable::putBootstrapMethods (56 bytes)
Event: 649.919 Thread 0x000000013c00ae00 nmethod 3112 0x000000010b351c10 code [0x000000010b351e40, 0x000000010b352200]
Event: 650.489 Thread 0x000000013c00ae00 3113       3       com.sun.javafx.css.PseudoClassState::add (6 bytes)
Event: 650.489 Thread 0x000000013c00ae00 nmethod 3113 0x000000010b352410 code [0x000000010b3525c0, 0x000000010b352728]
Event: 650.514 Thread 0x000000013c00ae00 3114       3       com.sun.javafx.css.PseudoClassState::cast (6 bytes)
Event: 650.514 Thread 0x000000013c00ae00 nmethod 3114 0x000000010b352810 code [0x000000010b3529c0, 0x000000010b352d18]
Event: 650.514 Thread 0x000000013c00ae00 3115       3       com.sun.javafx.css.PseudoClassState::cast (21 bytes)
Event: 650.514 Thread 0x000000013c00ae00 nmethod 3115 0x000000010b352e90 code [0x000000010b353040, 0x000000010b353338]
Event: 650.514 Thread 0x000000013c00ae00 3116       3       com.sun.javafx.animation.TickCalculation::fromMillis (9 bytes)
Event: 650.514 Thread 0x000000013c00ae00 nmethod 3116 0x000000010b353490 code [0x000000010b353640, 0x000000010b353770]
Event: 650.519 Thread 0x000000013c00ae00 3117       3       java.util.concurrent.CountDownLatch$Sync::tryAcquireShared (13 bytes)
Event: 650.519 Thread 0x000000015f00ca00 3118   !   4       java.lang.ref.NativeReferenceQueue::poll (28 bytes)
Event: 650.519 Thread 0x000000013c00ae00 nmethod 3117 0x000000010b353810 code [0x000000010b3539c0, 0x000000010b353b70]
Event: 650.520 Thread 0x000000015f00ca00 nmethod 3118 0x00000001129baf90 code [0x00000001129bb140, 0x00000001129bb428]

GC Heap History (4 events):
Event: 5.709 GC heap before
{Heap before GC invocations=0 (full 0):
 garbage-first heap   total 133120K, used 23520K [0x0000000780000000, 0x0000000800000000)
  region size 1024K, 23 young (23552K), 0 survivors (0K)
 Metaspace       used 5665K, committed 5824K, reserved 1114112K
  class space    used 744K, committed 832K, reserved 1048576K
}
Event: 5.712 GC heap after
{Heap after GC invocations=1 (full 0):
 garbage-first heap   total 133120K, used 3827K [0x0000000780000000, 0x0000000800000000)
  region size 1024K, 3 young (3072K), 3 survivors (3072K)
 Metaspace       used 5665K, committed 5824K, reserved 1114112K
  class space    used 744K, committed 832K, reserved 1048576K
}
Event: 647.961 GC heap before
{Heap before GC invocations=1 (full 0):
 garbage-first heap   total 133120K, used 91891K [0x0000000780000000, 0x0000000800000000)
  region size 1024K, 37 young (37888K), 3 survivors (3072K)
 Metaspace       used 12983K, committed 13248K, reserved 1114112K
  class space    used 1792K, committed 1920K, reserved 1048576K
}
Event: 647.974 GC heap after
{Heap after GC invocations=2 (full 0):
 garbage-first heap   total 133120K, used 37774K [0x0000000780000000, 0x0000000800000000)
  region size 1024K, 6 young (6144K), 6 survivors (6144K)
 Metaspace       used 12983K, committed 13248K, reserved 1114112K
  class space    used 1792K, committed 1920K, reserved 1048576K
}

Dll operation events (7 events):
Event: 0.016 Loaded shared library /Library/Java/JavaVirtualMachines/jdk-20.jdk/Contents/Home/lib/libjava.dylib
Event: 0.084 Loaded shared library /Library/Java/JavaVirtualMachines/jdk-20.jdk/Contents/Home/lib/libnio.dylib
Event: 0.117 Loaded shared library /Library/Java/JavaVirtualMachines/jdk-20.jdk/Contents/Home/lib/libzip.dylib
Event: 0.272 Loaded shared library /Users/fianchetto/Downloads/javafx-sdk-20.0.2/lib/libprism_es2.dylib
Event: 0.370 Loaded shared library /Users/fianchetto/Downloads/javafx-sdk-20.0.2/lib/libglass.dylib
Event: 5.530 Loaded shared library /Library/Java/JavaVirtualMachines/jdk-20.jdk/Contents/Home/lib/libjimage.dylib
Event: 5.704 Loaded shared library /Users/fianchetto/Downloads/javafx-sdk-20.0.2/lib/libjavafx_font.dylib

Deoptimization events (20 events):
Event: 649.439 Thread 0x000000014c008800 DEOPT PACKING pc=0x00000001129aab48 sp=0x0000000171a98bb0
Event: 649.439 Thread 0x000000014c008800 DEOPT UNPACKING pc=0x000000011234b51c sp=0x0000000171a98b90 mode 2
Event: 649.439 Thread 0x000000014c008800 Uncommon trap: trap_request=0xffffffbe fr.pc=0x00000001129aab48 relative=0x0000000000002248
Event: 649.439 Thread 0x000000014c008800 Uncommon trap: reason=profile_predicate action=maybe_recompile pc=0x00000001129aab48 method=com.sun.prism.impl.shape.DMarlinPrismUtils.feedConsumer(Lcom/sun/marlin/RendererContext;Lcom/sun/javafx/geom/Path2D;Lcom/sun/javafx/geom/transform/BaseTransform;Lc
Event: 649.439 Thread 0x000000014c008800 DEOPT PACKING pc=0x00000001129aab48 sp=0x0000000171a98bb0
Event: 649.439 Thread 0x000000014c008800 DEOPT UNPACKING pc=0x000000011234b51c sp=0x0000000171a98b90 mode 2
Event: 649.440 Thread 0x000000014c008800 Uncommon trap: trap_request=0xffffffbe fr.pc=0x000000011299cff0 relative=0x00000000000021b0
Event: 649.440 Thread 0x000000014c008800 Uncommon trap: reason=profile_predicate action=maybe_recompile pc=0x000000011299cff0 method=com.sun.prism.impl.shape.DMarlinPrismUtils.feedConsumer(Lcom/sun/marlin/RendererContext;Lcom/sun/javafx/geom/Path2D;Lcom/sun/javafx/geom/transform/BaseTransform;Lc
Event: 649.440 Thread 0x000000014c008800 DEOPT PACKING pc=0x000000011299cff0 sp=0x0000000171a997a0
Event: 649.440 Thread 0x000000014c008800 DEOPT UNPACKING pc=0x000000011234b51c sp=0x0000000171a99790 mode 2
Event: 649.457 Thread 0x000000014c008800 Uncommon trap: trap_request=0xffffffbe fr.pc=0x000000011299cff0 relative=0x00000000000021b0
Event: 649.457 Thread 0x000000014c008800 Uncommon trap: reason=profile_predicate action=maybe_recompile pc=0x000000011299cff0 method=com.sun.prism.impl.shape.DMarlinPrismUtils.feedConsumer(Lcom/sun/marlin/RendererContext;Lcom/sun/javafx/geom/Path2D;Lcom/sun/javafx/geom/transform/BaseTransform;Lc
Event: 649.457 Thread 0x000000014c008800 DEOPT PACKING pc=0x000000011299cff0 sp=0x0000000171a997a0
Event: 649.457 Thread 0x000000014c008800 DEOPT UNPACKING pc=0x000000011234b51c sp=0x0000000171a99790 mode 2
Event: 649.822 Thread 0x000000015d0e3000 Uncommon trap: trap_request=0xffffff45 fr.pc=0x000000011299a5e4 relative=0x0000000000000064
Event: 649.822 Thread 0x000000015d0e3000 Uncommon trap: reason=unstable_if action=reinterpret pc=0x000000011299a5e4 method=java.util.HashMap.isEmpty()Z @ 4 c2
Event: 649.822 Thread 0x000000015d0e3000 DEOPT PACKING pc=0x000000011299a5e4 sp=0x000000016f424510
Event: 649.822 Thread 0x000000015d0e3000 DEOPT UNPACKING pc=0x000000011234b51c sp=0x000000016f4244b0 mode 2
Event: 650.518 Thread 0x000000014c008800 DEOPT PACKING pc=0x000000010b0ee580 sp=0x0000000171a9a620
Event: 650.518 Thread 0x000000014c008800 DEOPT UNPACKING pc=0x000000011234b37c sp=0x0000000171a9a330 mode 3

Classes loaded (20 events):
Event: 7.983 Loading class jdk/internal/foreign/MemorySessionImpl
Event: 7.983 Loading class java/lang/foreign/SegmentScope
Event: 7.984 Loading class java/lang/foreign/SegmentScope done
Event: 7.984 Loading class java/lang/foreign/SegmentAllocator
Event: 7.984 Loading class java/lang/foreign/SegmentAllocator done
Event: 7.984 Loading class jdk/internal/foreign/MemorySessionImpl done
Event: 7.986 Loading class jdk/internal/icu/text/UTF16
Event: 7.986 Loading class jdk/internal/icu/text/UTF16 done
Event: 7.987 Loading class jdk/internal/icu/text/BidiLine
Event: 7.987 Loading class jdk/internal/icu/text/BidiLine done
Event: 7.988 Loading class sun/invoke/util/ValueConversions$1
Event: 7.988 Loading class sun/invoke/util/ValueConversions$1 done
Event: 7.989 Loading class java/lang/invoke/BoundMethodHandle$Species_LI
Event: 7.989 Loading class java/lang/invoke/BoundMethodHandle$Species_LI done
Event: 8.034 Loading class java/util/EnumMap$Values
Event: 8.034 Loading class java/util/EnumMap$Values done
Event: 8.034 Loading class java/util/EnumMap$ValueIterator
Event: 8.034 Loading class java/util/EnumMap$EnumMapIterator
Event: 8.034 Loading class java/util/EnumMap$EnumMapIterator done
Event: 8.034 Loading class java/util/EnumMap$ValueIterator done

Classes unloaded (0 events):
No events

Classes redefined (0 events):
No events

Internal exceptions (20 events):
Event: 5.678 Thread 0x000000015d0e3000 Exception <a 'java/lang/NoSuchMethodError'{0x0000000786b243b0}: 'java.lang.Object java.lang.invoke.DirectMethodHandle$Holder.invokeStaticInit(java.lang.Object, java.lang.Object, java.lang.Object, java.lang.Object)'> (0x0000000786b243b0) 
thrown [open/src/hotspot/share/interpreter/linkResolver.cpp, line 773]
Event: 5.679 Thread 0x000000015d0e3000 Exception <a 'java/lang/NullPointerException'{0x0000000786b2fa88}> (0x0000000786b2fa88) 
thrown [open/src/hotspot/share/interpreter/linkResolver.cpp, line 1373]
Event: 5.920 Thread 0x000000015d0e3000 Exception <a 'java/lang/NoSuchMethodError'{0x000000078766b4a8}: 'void java.lang.invoke.DirectMethodHandle$Holder.invokeStaticInit(java.lang.Object, java.lang.Object)'> (0x000000078766b4a8) 
thrown [open/src/hotspot/share/interpreter/linkResolver.cpp, line 773]
Event: 5.929 Thread 0x000000015d0e3000 Implicit null exception at 0x00000001128c98f8 to 0x00000001128c9988
Event: 6.472 Thread 0x000000015d0e3000 Exception <a 'java/lang/NoSuchMethodError'{0x0000000787083510}: 'java.lang.Object java.lang.invoke.DirectMethodHandle$Holder.invokeInterface(java.lang.Object, java.lang.Object, java.lang.Object)'> (0x0000000787083510) 
thrown [open/src/hotspot/share/interpreter/linkResolver.cpp, line 773]
Event: 6.472 Thread 0x000000015d0e3000 Exception <a 'java/lang/IncompatibleClassChangeError'{0x00000007870b0fb8}: Found class java.lang.Object, but interface was expected> (0x00000007870b0fb8) 
thrown [open/src/hotspot/share/interpreter/linkResolver.cpp, line 840]
Event: 6.552 Thread 0x000000015d0e3000 Exception <a 'java/lang/NoSuchMethodError'{0x0000000786fdc580}: 'java.lang.Object java.lang.invoke.DirectMethodHandle$Holder.newInvokeSpecial(java.lang.Object, java.lang.Object, int)'> (0x0000000786fdc580) 
thrown [open/src/hotspot/share/interpreter/linkResolver.cpp, line 773]
Event: 6.615 Thread 0x000000014c008800 Exception <a 'java/lang/NoSuchMethodError'{0x0000000786ea6168}: 'int java.lang.invoke.DirectMethodHandle$Holder.invokeStaticInit(java.lang.Object, java.lang.Object)'> (0x0000000786ea6168) 
thrown [open/src/hotspot/share/interpreter/linkResolver.cpp, line 773]
Event: 6.634 Thread 0x000000014c008800 Exception <a 'java/lang/NoSuchMethodError'{0x0000000786ef0658}: 'java.lang.Object java.lang.invoke.Invokers$Holder.invokeExact_MT(java.lang.Object, java.lang.Object, java.lang.Object, java.lang.Object, java.lang.Object)'> (0x0000000786ef0658) 
thrown [open/src/hotspot/share/interpreter/linkResolver.cpp, line 773]
Event: 7.987 Thread 0x000000015d0e3000 Exception <a 'java/lang/NoSuchMethodError'{0x00000007869f8ce8}: 'int java.lang.invoke.DirectMethodHandle$Holder.invokeSpecial(java.lang.Object, java.lang.Object, int)'> (0x00000007869f8ce8) 
thrown [open/src/hotspot/share/interpreter/linkResolver.cpp, line 773]
Event: 7.988 Thread 0x000000015d0e3000 Exception <a 'java/lang/NoSuchMethodError'{0x0000000786500ac0}: 'int java.lang.invoke.DirectMethodHandle$Holder.invokeSpecial(java.lang.Object, java.lang.Object, java.lang.Object, int)'> (0x0000000786500ac0) 
thrown [open/src/hotspot/share/interpreter/linkResolver.cpp, line 773]
Event: 7.990 Thread 0x000000015d0e3000 Exception <a 'java/lang/NoSuchMethodError'{0x00000007865130d8}: 'java.lang.Object java.lang.invoke.DirectMethodHandle$Holder.invokeStatic(java.lang.Object, java.lang.Object, java.lang.Object, java.lang.Object, int)'> (0x00000007865130d8) 
thrown [open/src/hotspot/share/interpreter/linkResolver.cpp, line 773]
Event: 7.990 Thread 0x000000015d0e3000 Exception <a 'java/lang/NoSuchMethodError'{0x000000078651b630}: 'int java.lang.invoke.DirectMethodHandle$Holder.invokeSpecial(java.lang.Object, java.lang.Object, java.lang.Object)'> (0x000000078651b630) 
thrown [open/src/hotspot/share/interpreter/linkResolver.cpp, line 773]
Event: 8.011 Thread 0x000000015d0e3000 Exception <a 'java/lang/NoSuchMethodError'{0x00000007865a4430}: 'long java.lang.invoke.DirectMethodHandle$Holder.invokeStatic(java.lang.Object, java.lang.Object, java.lang.Object)'> (0x00000007865a4430) 
thrown [open/src/hotspot/share/interpreter/linkResolver.cpp, line 773]
Event: 8.012 Thread 0x000000015d0e3000 Exception <a 'java/lang/NoSuchMethodError'{0x00000007865a7800}: 'long java.lang.invoke.DirectMethodHandle$Holder.invokeStaticInit(java.lang.Object, java.lang.Object, java.lang.Object)'> (0x00000007865a7800) 
thrown [open/src/hotspot/share/interpreter/linkResolver.cpp, line 773]
Event: 8.014 Thread 0x000000015d0e3000 Exception <a 'java/lang/NoSuchMethodError'{0x00000007865bf950}: 'java.lang.Object java.lang.invoke.DirectMethodHandle$Holder.newInvokeSpecial(java.lang.Object, java.lang.Object, long)'> (0x00000007865bf950) 
thrown [open/src/hotspot/share/interpreter/linkResolver.cpp, line 773]
Event: 8.014 Thread 0x000000015d0e3000 Exception <a 'java/lang/NoSuchMethodError'{0x00000007865c2f98}: 'java.lang.Object java.lang.invoke.Invokers$Holder.linkToTargetMethod(java.lang.Object, long, java.lang.Object)'> (0x00000007865c2f98) 
thrown [open/src/hotspot/share/interpreter/linkResolver.cpp, line 773]
Event: 649.821 Thread 0x000000015d0e3000 Exception <a 'java/lang/NoSuchMethodError'{0x0000000787ccd020}: 'java.lang.Object java.lang.invoke.DirectMethodHandle$Holder.newInvokeSpecial(java.lang.Object, java.lang.Object, int, int, int, int, int, java.lang.Object)'> (0x0000000787ccd020) 
thrown [open/src/hotspot/share/interpreter/linkResolver.cpp, line 773]
Event: 649.822 Thread 0x000000015d0e3000 Exception <a 'java/lang/NoSuchMethodError'{0x0000000787cdf560}: 'java.lang.Object java.lang.invoke.DirectMethodHandle$Holder.newInvokeSpecial(java.lang.Object, java.lang.Object, java.lang.Object, int, int, int, int, int)'> (0x0000000787cdf560) 
thrown [open/src/hotspot/share/interpreter/linkResolver.cpp, line 773]
Event: 649.822 Thread 0x000000015d0e3000 Exception <a 'java/lang/NoSuchMethodError'{0x0000000787ce68a0}: 'java.lang.Object java.lang.invoke.Invokers$Holder.linkToTargetMethod(java.lang.Object, java.lang.Object, int, int, int, int, int, java.lang.Object)'> (0x0000000787ce68a0) 
thrown [open/src/hotspot/share/interpreter/linkResolver.cpp, line 773]

VM Operations (20 events):
Event: 35.431 Executing VM operation: Cleanup
Event: 35.431 Executing VM operation: Cleanup done
Event: 55.498 Executing VM operation: Cleanup
Event: 55.512 Executing VM operation: Cleanup done
Event: 60.198 Executing VM operation: HandshakeAllThreads
Event: 60.198 Executing VM operation: HandshakeAllThreads done
Event: 644.098 Executing VM operation: Cleanup
Event: 644.099 Executing VM operation: Cleanup done
Event: 644.972 Executing VM operation: ICBufferFull
Event: 644.972 Executing VM operation: ICBufferFull done
Event: 645.977 Executing VM operation: Cleanup
Event: 645.977 Executing VM operation: Cleanup done
Event: 646.980 Executing VM operation: Cleanup
Event: 646.980 Executing VM operation: Cleanup done
Event: 647.960 Executing VM operation: G1TryInitiateConcMark
Event: 647.975 Executing VM operation: G1TryInitiateConcMark done
Event: 648.980 Executing VM operation: Cleanup
Event: 648.980 Executing VM operation: Cleanup done
Event: 649.984 Executing VM operation: Cleanup
Event: 649.984 Executing VM operation: Cleanup done

Events (20 events):
Event: 648.987 Protecting memory [0x0000000170308000,0x0000000170314000] with protection modes 3
Event: 648.987 Thread 0x000000015d0f1200 Thread exited: 0x000000015d0f1200
Event: 649.320 Protecting memory [0x0000000170308000,0x0000000170314000] with protection modes 0
Event: 649.320 Thread 0x000000015c036000 Thread added: 0x000000015c036000
Event: 650.519 Protecting memory [0x0000000171d3c000,0x0000000171d48000] with protection modes 3
Event: 650.519 Thread 0x000000014c0a2e00 Thread exited: 0x000000014c0a2e00
Event: 650.519 Protecting memory [0x0000000171898000,0x00000001718a4000] with protection modes 3
Event: 650.519 Thread 0x000000014c008800 Thread exited: 0x000000014c008800
Event: 650.520 Protecting memory [0x000000016f4b4000,0x000000016f4c0000] with protection modes 3
Event: 650.520 Thread 0x000000014c008200 Thread exited: 0x000000014c008200
Event: 650.520 Protecting memory [0x000000016f4b4000,0x000000016f4c0000] with protection modes 0
Event: 650.520 Thread 0x000000014c008200 Thread added: 0x000000014c008200
Event: 650.524 Protecting memory [0x000000016ec2c000,0x000000016ec38000] with protection modes 3
Event: 650.524 Thread 0x000000015d0e3000 Thread exited: 0x000000015d0e3000
Event: 650.524 Thread 0x000000013c046a00 Thread added: 0x000000013c046a00
Event: 650.524 Protecting memory [0x0000000171898000,0x00000001718a4000] with protection modes 0
Event: 650.524 Protecting memory [0x0000000171898000,0x00000001718a4000] with protection modes 3
Event: 650.524 Thread 0x000000013c046a00 Thread exited: 0x000000013c046a00
Event: 650.525 Protecting memory [0x000000016f4b4000,0x000000016f4c0000] with protection modes 3
Event: 650.525 Thread 0x000000014c008200 Thread exited: 0x000000014c008200


Dynamic libraries:
0x0000000100e58000 	/Library/Java/JavaVirtualMachines/jdk-20.jdk/Contents/Home/lib/libjli.dylib
0x00000001a895e000 	/System/Library/Frameworks/Cocoa.framework/Versions/A/Cocoa
0x00000001925ad000 	/System/Library/Frameworks/AppKit.framework/Versions/C/AppKit
0x00000001955d7000 	/System/Library/Frameworks/CoreData.framework/Versions/A/CoreData
0x000000018feba000 	/System/Library/Frameworks/Foundation.framework/Versions/C/Foundation
0x000000019b585000 	/usr/lib/libSystem.B.dylib
0x00000001938c2000 	/System/Library/PrivateFrameworks/UIFoundation.framework/Versions/A/UIFoundation
0x00000002036cb000 	/System/Library/PrivateFrameworks/CollectionViewCore.framework/Versions/A/CollectionViewCore
0x00000001a26ba000 	/System/Library/PrivateFrameworks/RemoteViewServices.framework/Versions/A/RemoteViewServices
0x0000000199630000 	/System/Library/PrivateFrameworks/XCTTargetBootstrap.framework/Versions/A/XCTTargetBootstrap
0x000000019db6d000 	/System/Library/PrivateFrameworks/InternationalSupport.framework/Versions/A/InternationalSupport
0x000000019dbf4000 	/System/Library/PrivateFrameworks/UserActivity.framework/Versions/A/UserActivity
0x0000000225b5f000 	/System/Library/PrivateFrameworks/WindowManagement.framework/Versions/A/WindowManagement
0x000000018fb44000 	/System/Library/Frameworks/SystemConfiguration.framework/Versions/A/SystemConfiguration
0x000000019d010000 	/usr/lib/libspindump.dylib
0x0000000193a76000 	/System/Library/Frameworks/UniformTypeIdentifiers.framework/Versions/A/UniformTypeIdentifiers
0x000000019758e000 	/usr/lib/libapp_launch_measurement.dylib
0x000000019699d000 	/System/Library/PrivateFrameworks/CoreAnalytics.framework/Versions/A/CoreAnalytics
0x0000000197595000 	/System/Library/PrivateFrameworks/CoreAutoLayout.framework/Versions/A/CoreAutoLayout
0x0000000198e5f000 	/System/Library/Frameworks/Metal.framework/Versions/A/Metal
0x0000000199d9e000 	/usr/lib/liblangid.dylib
0x0000000199636000 	/System/Library/PrivateFrameworks/CoreSVG.framework/Versions/A/CoreSVG
0x0000000194431000 	/System/Library/PrivateFrameworks/SkyLight.framework/Versions/A/SkyLight
0x00000001948c3000 	/System/Library/Frameworks/CoreGraphics.framework/Versions/A/CoreGraphics
0x00000001a2e02000 	/System/Library/Frameworks/Accelerate.framework/Versions/A/Accelerate
0x000000019ce6e000 	/System/Library/PrivateFrameworks/IconServices.framework/Versions/A/IconServices
0x0000000198e3d000 	/System/Library/Frameworks/IOSurface.framework/Versions/A/IOSurface
0x00000001969cc000 	/usr/lib/libDiagnosticMessagesClient.dylib
0x000000019b4c9000 	/usr/lib/libz.1.dylib
0x00000001a64d8000 	/System/Library/Frameworks/ApplicationServices.framework/Versions/A/ApplicationServices
0x0000000199618000 	/System/Library/PrivateFrameworks/DFRFoundation.framework/Versions/A/DFRFoundation
0x0000000191e1a000 	/usr/lib/libicucore.A.dylib
0x000000019ebce000 	/System/Library/Frameworks/AudioToolbox.framework/Versions/A/AudioToolbox
0x000000019db79000 	/System/Library/PrivateFrameworks/DataDetectorsCore.framework/Versions/A/DataDetectorsCore
0x00000001b6adb000 	/System/Library/PrivateFrameworks/TextInput.framework/Versions/A/TextInput
0x0000000194384000 	/usr/lib/libMobileGestalt.dylib
0x0000000199358000 	/System/Library/Frameworks/Carbon.framework/Versions/A/Frameworks/HIToolbox.framework/Versions/A/HIToolbox
0x0000000196e9e000 	/System/Library/Frameworks/QuartzCore.framework/Versions/A/QuartzCore
0x0000000191a58000 	/System/Library/Frameworks/Security.framework/Versions/A/Security
0x00000001a26fa000 	/System/Library/Frameworks/Carbon.framework/Versions/A/Frameworks/SpeechRecognition.framework/Versions/A/SpeechRecognition
0x00000001972bc000 	/System/Library/PrivateFrameworks/CoreUI.framework/Versions/A/CoreUI
0x000000019136a000 	/System/Library/Frameworks/CoreAudio.framework/Versions/A/CoreAudio
0x0000000196ab0000 	/System/Library/Frameworks/DiskArbitration.framework/Versions/A/DiskArbitration
0x000000019d466000 	/System/Library/PrivateFrameworks/MultitouchSupport.framework/Versions/A/MultitouchSupport
0x0000000194382000 	/usr/lib/libenergytrace.dylib
0x00000001ac92d000 	/System/Library/PrivateFrameworks/RenderBox.framework/Versions/A/RenderBox
0x0000000192464000 	/System/Library/Frameworks/IOKit.framework/Versions/A/IOKit
0x00000001a2afe000 	/System/Library/Frameworks/CoreServices.framework/Versions/A/CoreServices
0x000000019751a000 	/System/Library/PrivateFrameworks/PerformanceAnalysis.framework/Versions/A/PerformanceAnalysis
0x00000001f6c42000 	/System/Library/Frameworks/OpenGL.framework/Versions/A/OpenGL
0x00000001975df000 	/usr/lib/libxml2.2.dylib
0x000000019a9cb000 	/System/Library/PrivateFrameworks/MobileKeyBag.framework/Versions/A/MobileKeyBag
0x000000018e960000 	/usr/lib/libobjc.A.dylib
0x000000018ec49000 	/usr/lib/libc++.1.dylib
0x00000001a2a7b000 	/System/Library/Frameworks/Accessibility.framework/Versions/A/Accessibility
0x0000000194fa0000 	/System/Library/Frameworks/ColorSync.framework/Versions/A/ColorSync
0x000000018ed90000 	/System/Library/Frameworks/CoreFoundation.framework/Versions/A/CoreFoundation
0x000000019998b000 	/System/Library/Frameworks/CoreImage.framework/Versions/A/CoreImage
0x0000000191176000 	/System/Library/Frameworks/CoreText.framework/Versions/A/CoreText
0x00000001f945e000 	/System/Library/Frameworks/CoreTransferable.framework/Versions/A/CoreTransferable
0x00000001f9940000 	/System/Library/Frameworks/DeveloperToolsSupport.framework/Versions/A/DeveloperToolsSupport
0x0000000199671000 	/System/Library/Frameworks/ImageIO.framework/Versions/A/ImageIO
0x00000001fe0c1000 	/System/Library/Frameworks/Symbols.framework/Versions/A/Symbols
0x000000019b58b000 	/System/Library/PrivateFrameworks/SoftLinking.framework/Versions/A/SoftLinking
0x000000019e5a1000 	/usr/lib/swift/libswiftCore.dylib
0x00000001b388e000 	/usr/lib/swift/libswiftCoreFoundation.dylib
0x00000001b165d000 	/usr/lib/swift/libswiftCoreGraphics.dylib
0x00000001b38da000 	/usr/lib/swift/libswiftCoreImage.dylib
0x00000001b1664000 	/usr/lib/swift/libswiftDarwin.dylib
0x00000001a4165000 	/usr/lib/swift/libswiftDispatch.dylib
0x00000001b38db000 	/usr/lib/swift/libswiftIOKit.dylib
0x00000001bf22e000 	/usr/lib/swift/libswiftMetal.dylib
0x00000001cbb53000 	/usr/lib/swift/libswiftOSLog.dylib
0x00000001a693f000 	/usr/lib/swift/libswiftObjectiveC.dylib
0x00000001c2e96000 	/usr/lib/swift/libswiftQuartzCore.dylib
0x00000001c6eb6000 	/usr/lib/swift/libswiftUniformTypeIdentifiers.dylib
0x00000001b38a4000 	/usr/lib/swift/libswiftXPC.dylib
0x000000022dee8000 	/usr/lib/swift/libswift_Concurrency.dylib
0x00000001a6943000 	/usr/lib/swift/libswiftos.dylib
0x00000001b6a3f000 	/usr/lib/swift/libswiftsimd.dylib
0x000000019b738000 	/usr/lib/libcompression.dylib
0x000000019dac7000 	/System/Library/PrivateFrameworks/TextureIO.framework/Versions/A/TextureIO
0x000000019cb21000 	/usr/lib/libate.dylib
0x000000019b57f000 	/usr/lib/system/libcache.dylib
0x000000019b53b000 	/usr/lib/system/libcommonCrypto.dylib
0x000000019b566000 	/usr/lib/system/libcompiler_rt.dylib
0x000000019b55c000 	/usr/lib/system/libcopyfile.dylib
0x000000018eaab000 	/usr/lib/system/libcorecrypto.dylib
0x000000018eb80000 	/usr/lib/system/libdispatch.dylib
0x000000018ed37000 	/usr/lib/system/libdyld.dylib
0x000000019b575000 	/usr/lib/system/libkeymgr.dylib
0x000000019b513000 	/usr/lib/system/libmacho.dylib
0x000000019aab0000 	/usr/lib/system/libquarantine.dylib
0x000000019b572000 	/usr/lib/system/libremovefile.dylib
0x00000001943f8000 	/usr/lib/system/libsystem_asl.dylib
0x000000018ea44000 	/usr/lib/system/libsystem_blocks.dylib
0x000000018ebca000 	/usr/lib/system/libsystem_c.dylib
0x000000019b56a000 	/usr/lib/system/libsystem_collections.dylib
0x0000000199d8d000 	/usr/lib/system/libsystem_configuration.dylib
0x0000000198e13000 	/usr/lib/system/libsystem_containermanager.dylib
0x000000019b1b6000 	/usr/lib/system/libsystem_coreservices.dylib
0x00000001920d3000 	/usr/lib/system/libsystem_darwin.dylib
0x000000022e212000 	/usr/lib/system/libsystem_darwindirectory.dylib
0x000000019b576000 	/usr/lib/system/libsystem_dnssd.dylib
0x000000018ebc7000 	/usr/lib/system/libsystem_featureflags.dylib
0x000000018ed63000 	/usr/lib/system/libsystem_info.dylib
0x000000019b4d8000 	/usr/lib/system/libsystem_m.dylib
0x000000018eb49000 	/usr/lib/system/libsystem_malloc.dylib
0x0000000194368000 	/usr/lib/system/libsystem_networkextension.dylib
0x0000000192545000 	/usr/lib/system/libsystem_notify.dylib
0x0000000199d92000 	/usr/lib/system/libsystem_sandbox.dylib
0x000000019b56f000 	/usr/lib/system/libsystem_secinit.dylib
0x000000018ecef000 	/usr/lib/system/libsystem_kernel.dylib
0x000000018ed5c000 	/usr/lib/system/libsystem_platform.dylib
0x000000018ed2a000 	/usr/lib/system/libsystem_pthread.dylib
0x0000000195daf000 	/usr/lib/system/libsystem_symptoms.dylib
0x000000018ea90000 	/usr/lib/system/libsystem_trace.dylib
0x000000019b549000 	/usr/lib/system/libunwind.dylib
0x000000018ea49000 	/usr/lib/system/libxpc.dylib
0x000000018ecd7000 	/usr/lib/libc++abi.dylib
0x000000019b554000 	/usr/lib/liboah.dylib
0x000000019c9d4000 	/usr/lib/liblzma.5.dylib
0x000000019b587000 	/usr/lib/libfakelink.dylib
0x0000000193f97000 	/System/Library/Frameworks/CFNetwork.framework/Versions/A/CFNetwork
0x000000019b5db000 	/usr/lib/libarchive.2.dylib
0x00000001a09fb000 	/System/Library/Frameworks/Combine.framework/Versions/A/Combine
0x00000002036df000 	/System/Library/PrivateFrameworks/CollectionsInternal.framework/Versions/A/CollectionsInternal
0x0000000219222000 	/System/Library/PrivateFrameworks/ReflectionInternal.framework/Versions/A/ReflectionInternal
0x000000021980e000 	/System/Library/PrivateFrameworks/RuntimeInternal.framework/Versions/A/RuntimeInternal
0x000000022e031000 	/usr/lib/swift/libswift_StringProcessing.dylib
0x00000001923e3000 	/System/Library/PrivateFrameworks/CoreServicesInternal.framework/Versions/A/CoreServicesInternal
0x000000019aad7000 	/usr/lib/libbsm.0.dylib
0x000000019b51b000 	/usr/lib/system/libkxld.dylib
0x0000000197556000 	/System/Library/Frameworks/CoreServices.framework/Versions/A/Frameworks/FSEvents.framework/Versions/A/FSEvents
0x00000001920de000 	/System/Library/Frameworks/CoreServices.framework/Versions/A/Frameworks/CarbonCore.framework/Versions/A/CarbonCore
0x0000000196a15000 	/System/Library/Frameworks/CoreServices.framework/Versions/A/Frameworks/Metadata.framework/Versions/A/Metadata
0x000000019b1bc000 	/System/Library/Frameworks/CoreServices.framework/Versions/A/Frameworks/OSServices.framework/Versions/A/OSServices
0x000000019b664000 	/System/Library/Frameworks/CoreServices.framework/Versions/A/Frameworks/SearchKit.framework/Versions/A/SearchKit
0x0000000195d31000 	/System/Library/Frameworks/CoreServices.framework/Versions/A/Frameworks/AE.framework/Versions/A/AE
0x000000018f268000 	/System/Library/Frameworks/CoreServices.framework/Versions/A/Frameworks/LaunchServices.framework/Versions/A/LaunchServices
0x000000019c97d000 	/System/Library/Frameworks/CoreServices.framework/Versions/A/Frameworks/DictionaryServices.framework/Versions/A/DictionaryServices
0x0000000197563000 	/System/Library/Frameworks/CoreServices.framework/Versions/A/Frameworks/SharedFileList.framework/Versions/A/SharedFileList
0x000000019b703000 	/usr/lib/libapple_nghttp2.dylib
0x00000001959c7000 	/usr/lib/libsqlite3.dylib
0x0000000195db8000 	/System/Library/Frameworks/Network.framework/Versions/A/Network
0x000000022c986000 	/usr/lib/libCoreEntitlements.dylib
0x00000002146b5000 	/System/Library/PrivateFrameworks/MessageSecurity.framework/Versions/A/MessageSecurity
0x00000001959ad000 	/System/Library/PrivateFrameworks/ProtocolBuffer.framework/Versions/A/ProtocolBuffer
0x000000019b0e5000 	/System/Library/PrivateFrameworks/AppleFSCompression.framework/Versions/A/AppleFSCompression
0x000000019aabf000 	/usr/lib/libcoretls.dylib
0x000000019c9ed000 	/usr/lib/libcoretls_cfhelpers.dylib
0x000000019b732000 	/usr/lib/libpam.2.dylib
0x000000019ca5e000 	/usr/lib/libxar.1.dylib
0x000000019ce45000 	/usr/lib/libheimdal-asn1.dylib
0x0000000193f96000 	/usr/lib/libnetwork.dylib
0x000000019b58c000 	/usr/lib/libpcap.A.dylib
0x0000000195da5000 	/usr/lib/libdns_services.dylib
0x0000000199d9a000 	/System/Library/PrivateFrameworks/AppleSystemInfo.framework/Versions/A/AppleSystemInfo
0x000000019a7c1000 	/System/Library/PrivateFrameworks/IOMobileFramebuffer.framework/Versions/A/IOMobileFramebuffer
0x000000022df85000 	/usr/lib/swift/libswift_RegexParser.dylib
0x000000019b1a9000 	/usr/lib/libbz2.1.0.dylib
0x000000019aab3000 	/usr/lib/libCheckFix.dylib
0x0000000194410000 	/System/Library/PrivateFrameworks/TCC.framework/Versions/A/TCC
0x0000000199da0000 	/System/Library/PrivateFrameworks/CoreNLP.framework/Versions/A/CoreNLP
0x00000001969ce000 	/System/Library/PrivateFrameworks/MetadataUtilities.framework/Versions/A/MetadataUtilities
0x000000019aae9000 	/usr/lib/libmecab.dylib
0x000000018fbd7000 	/usr/lib/libCRFSuite.dylib
0x000000019ab45000 	/usr/lib/libgermantok.dylib
0x000000019b6db000 	/usr/lib/libThaiTokenizer.dylib
0x0000000196ab9000 	/System/Library/Frameworks/Accelerate.framework/Versions/A/Frameworks/vImage.framework/Versions/A/vImage
0x00000001a2ad5000 	/System/Library/Frameworks/Accelerate.framework/Versions/A/Frameworks/vecLib.framework/Versions/A/vecLib
0x000000019caa5000 	/System/Library/Frameworks/Accelerate.framework/Versions/A/Frameworks/vecLib.framework/Versions/A/libvMisc.dylib
0x000000019a69d000 	/System/Library/Frameworks/Accelerate.framework/Versions/A/Frameworks/vecLib.framework/Versions/A/libvDSP.dylib
0x000000018f666000 	/System/Library/Frameworks/Accelerate.framework/Versions/A/Frameworks/vecLib.framework/Versions/A/libBLAS.dylib
0x000000019b80b000 	/System/Library/Frameworks/Accelerate.framework/Versions/A/Frameworks/vecLib.framework/Versions/A/libLAPACK.dylib
0x000000019ab48000 	/System/Library/Frameworks/Accelerate.framework/Versions/A/Frameworks/vecLib.framework/Versions/A/libLinearAlgebra.dylib
0x000000019b71d000 	/System/Library/Frameworks/Accelerate.framework/Versions/A/Frameworks/vecLib.framework/Versions/A/libSparseBLAS.dylib
0x000000019b806000 	/System/Library/Frameworks/Accelerate.framework/Versions/A/Frameworks/vecLib.framework/Versions/A/libQuadrature.dylib
0x0000000199ec2000 	/System/Library/Frameworks/Accelerate.framework/Versions/A/Frameworks/vecLib.framework/Versions/A/libBNNS.dylib
0x000000018fadd000 	/System/Library/Frameworks/Accelerate.framework/Versions/A/Frameworks/vecLib.framework/Versions/A/libSparse.dylib
0x0000000212ee8000 	/System/Library/PrivateFrameworks/MIL.framework/Versions/A/MIL
0x000000019b5c2000 	/usr/lib/libiconv.2.dylib
0x000000019b50f000 	/usr/lib/libcharset.1.dylib
0x0000000197536000 	/System/Library/Frameworks/OpenDirectory.framework/Versions/A/Frameworks/CFOpenDirectory.framework/Versions/A/CFOpenDirectory
0x0000000197526000 	/System/Library/Frameworks/OpenDirectory.framework/Versions/A/OpenDirectory
0x000000019c9ef000 	/System/Library/PrivateFrameworks/APFS.framework/Versions/A/APFS
0x000000019a9f1000 	/System/Library/Frameworks/SecurityFoundation.framework/Versions/A/SecurityFoundation
0x000000019ca6d000 	/usr/lib/libutil.dylib
0x00000002111ab000 	/System/Library/PrivateFrameworks/InstalledContentLibrary.framework/Versions/A/InstalledContentLibrary
0x0000000192423000 	/System/Library/PrivateFrameworks/CoreServicesStore.framework/Versions/A/CoreServicesStore
0x00000002012eb000 	/System/Library/PrivateFrameworks/AppleMobileFileIntegrity.framework/Versions/A/AppleMobileFileIntegrity
0x00000001b386d000 	/usr/lib/libmis.dylib
0x00000001c335d000 	/System/Library/PrivateFrameworks/MobileSystemServices.framework/Versions/A/MobileSystemServices
0x00000001f4045000 	/System/Library/PrivateFrameworks/ConfigProfileHelper.framework/Versions/A/ConfigProfileHelper
0x000000019b6dd000 	/System/Library/PrivateFrameworks/AppleSauce.framework/Versions/A/AppleSauce
0x0000000190b08000 	/System/Library/PrivateFrameworks/LanguageModeling.framework/Versions/A/LanguageModeling
0x000000019ca71000 	/usr/lib/libxslt.1.dylib
0x000000019b5c9000 	/usr/lib/libcmph.dylib
0x000000019a78e000 	/System/Library/PrivateFrameworks/CoreEmoji.framework/Versions/A/CoreEmoji
0x0000000199ebc000 	/System/Library/PrivateFrameworks/LinguisticData.framework/Versions/A/LinguisticData
0x000000018f9f0000 	/System/Library/PrivateFrameworks/Lexicon.framework/Versions/A/Lexicon
0x000000019aa7f000 	/System/Library/PrivateFrameworks/BackgroundTaskManagement.framework/Versions/A/BackgroundTaskManagement
0x000000022cb6f000 	/usr/lib/libTLE.dylib
0x000000019d32c000 	/System/Library/PrivateFrameworks/AppleJPEG.framework/Versions/A/AppleJPEG
0x000000019ce2a000 	/usr/lib/libexpat.1.dylib
0x000000019d926000 	/System/Library/Frameworks/ImageIO.framework/Versions/A/Resources/libPng.dylib
0x000000019d951000 	/System/Library/Frameworks/ImageIO.framework/Versions/A/Resources/libTIFF.dylib
0x000000019da3c000 	/System/Library/Frameworks/ImageIO.framework/Versions/A/Resources/libGIF.dylib
0x000000019d372000 	/System/Library/Frameworks/ImageIO.framework/Versions/A/Resources/libJP2.dylib
0x000000019d9e1000 	/System/Library/Frameworks/ImageIO.framework/Versions/A/Resources/libJPEG.dylib
0x000000019d9d8000 	/System/Library/Frameworks/ImageIO.framework/Versions/A/Resources/libRadiance.dylib
0x00000001991f3000 	/System/Library/PrivateFrameworks/FontServices.framework/libFontParser.dylib
0x0000000195ccf000 	/System/Library/PrivateFrameworks/RunningBoardServices.framework/Versions/A/RunningBoardServices
0x00000001a91da000 	/System/Library/PrivateFrameworks/IOSurfaceAccelerator.framework/Versions/A/IOSurfaceAccelerator
0x000000019d462000 	/System/Library/PrivateFrameworks/WatchdogClient.framework/Versions/A/WatchdogClient
0x0000000190ceb000 	/System/Library/Frameworks/CoreDisplay.framework/Versions/A/CoreDisplay
0x00000001990ad000 	/System/Library/Frameworks/CoreMedia.framework/Versions/A/CoreMedia
0x0000000198e55000 	/System/Library/PrivateFrameworks/IOAccelerator.framework/Versions/A/IOAccelerator
0x00000001976c8000 	/System/Library/Frameworks/CoreVideo.framework/Versions/A/CoreVideo
0x000000019b730000 	/System/Library/Frameworks/MetalPerformanceShaders.framework/Versions/A/MetalPerformanceShaders
0x000000019d4a5000 	/System/Library/Frameworks/VideoToolbox.framework/Versions/A/VideoToolbox
0x0000000197763000 	/System/Library/PrivateFrameworks/UserManagement.framework/Versions/A/UserManagement
0x0000000195bfe000 	/System/Library/PrivateFrameworks/BaseBoard.framework/Versions/A/BaseBoard
0x0000000199d98000 	/System/Library/PrivateFrameworks/AggregateDictionary.framework/Versions/A/AggregateDictionary
0x000000020126b000 	/System/Library/PrivateFrameworks/AppleKeyStore.framework/Versions/A/AppleKeyStore
0x000000019d9d3000 	/System/Library/PrivateFrameworks/GPUWrangler.framework/Versions/A/GPUWrangler
0x000000019d9b3000 	/System/Library/PrivateFrameworks/IOPresentment.framework/Versions/A/IOPresentment
0x000000019d9db000 	/System/Library/PrivateFrameworks/DSExternalDisplay.framework/Versions/A/DSExternalDisplay
0x000000020d35c000 	/System/Library/PrivateFrameworks/GPUCompiler.framework/Versions/32023/Libraries/libllvm-flatbuffers.dylib
0x00000001f6c35000 	/System/Library/Frameworks/OpenGL.framework/Versions/A/Libraries/libCoreFSCache.dylib
0x000000020a018000 	/System/Library/PrivateFrameworks/GPUCompiler.framework/Versions/32023/Libraries/libGPUCompilerUtils.dylib
0x000000019da42000 	/System/Library/PrivateFrameworks/CMCaptureCore.framework/Versions/A/CMCaptureCore
0x00000001f9a45000 	/System/Library/Frameworks/ExtensionFoundation.framework/Versions/A/ExtensionFoundation
0x00000001a499e000 	/System/Library/PrivateFrameworks/CoreTime.framework/Versions/A/CoreTime
0x000000019cffb000 	/System/Library/PrivateFrameworks/AppServerSupport.framework/Versions/A/AppServerSupport
0x000000019f54d000 	/System/Library/PrivateFrameworks/perfdata.framework/Versions/A/perfdata
0x0000000190e0f000 	/System/Library/PrivateFrameworks/AudioToolboxCore.framework/Versions/A/AudioToolboxCore
0x0000000199083000 	/System/Library/PrivateFrameworks/caulk.framework/Versions/A/caulk
0x000000019edc8000 	/usr/lib/libAudioStatistics.dylib
0x00000001b2c0b000 	/System/Library/PrivateFrameworks/SystemPolicy.framework/Versions/A/SystemPolicy
0x000000019f0a0000 	/usr/lib/libSMC.dylib
0x00000001a87ed000 	/System/Library/Frameworks/CoreMIDI.framework/Versions/A/CoreMIDI
0x000000019d8ed000 	/usr/lib/libAudioToolboxUtility.dylib
0x00000001ae5bd000 	/System/Library/PrivateFrameworks/OSAServicesClient.framework/Versions/A/OSAServicesClient
0x000000019f55b000 	/usr/lib/libperfcheck.dylib
0x000000019cd14000 	/System/Library/PrivateFrameworks/PlugInKit.framework/Versions/A/PlugInKit
0x000000019a9e3000 	/System/Library/PrivateFrameworks/AssertionServices.framework/Versions/A/AssertionServices
0x00000001a7907000 	/System/Library/PrivateFrameworks/ASEProcessing.framework/Versions/A/ASEProcessing
0x00000001ceecd000 	/System/Library/PrivateFrameworks/Symbolication.framework/Versions/A/Symbolication
0x00000002182a3000 	/System/Library/PrivateFrameworks/PhotosensitivityProcessing.framework/Versions/A/PhotosensitivityProcessing
0x000000019cfad000 	/System/Library/PrivateFrameworks/GraphVisualizer.framework/Versions/A/GraphVisualizer
0x00000001f6c97000 	/System/Library/Frameworks/OpenGL.framework/Versions/A/Libraries/libGLU.dylib
0x00000001f6c56000 	/System/Library/Frameworks/OpenGL.framework/Versions/A/Libraries/libGFXShared.dylib
0x00000001f6e2f000 	/System/Library/Frameworks/OpenGL.framework/Versions/A/Libraries/libGL.dylib
0x00000001f6c5f000 	/System/Library/Frameworks/OpenGL.framework/Versions/A/Libraries/libGLImage.dylib
0x00000001f6c53000 	/System/Library/Frameworks/OpenGL.framework/Versions/A/Libraries/libCVMSPluginSupport.dylib
0x000000022cb28000 	/usr/lib/libRosetta.dylib
0x00000001f6c3c000 	/System/Library/Frameworks/OpenGL.framework/Versions/A/Libraries/libCoreVMClient.dylib
0x000000020823a000 	/System/Library/PrivateFrameworks/FontServices.framework/Versions/A/FontServices
0x000000019cfb9000 	/System/Library/PrivateFrameworks/OTSVG.framework/Versions/A/OTSVG
0x000000019726a000 	/System/Library/Frameworks/ApplicationServices.framework/Versions/A/Frameworks/ATS.framework/Versions/A/Resources/libFontRegistry.dylib
0x000000019d005000 	/System/Library/PrivateFrameworks/FontServices.framework/libhvf.dylib
0x000000020823b000 	/System/Library/PrivateFrameworks/FontServices.framework/libXTFontStaticRegistryData.dylib
0x0000000199d0f000 	/System/Library/Frameworks/MetalPerformanceShaders.framework/Versions/A/Frameworks/MPSCore.framework/Versions/A/MPSCore
0x000000019b058000 	/System/Library/Frameworks/MetalPerformanceShaders.framework/Versions/A/Frameworks/MPSImage.framework/Versions/A/MPSImage
0x000000019ab5d000 	/System/Library/Frameworks/MetalPerformanceShaders.framework/Versions/A/Frameworks/MPSNeuralNetwork.framework/Versions/A/MPSNeuralNetwork
0x000000019af4b000 	/System/Library/Frameworks/MetalPerformanceShaders.framework/Versions/A/Frameworks/MPSMatrix.framework/Versions/A/MPSMatrix
0x000000019ad57000 	/System/Library/Frameworks/MetalPerformanceShaders.framework/Versions/A/Frameworks/MPSRayIntersector.framework/Versions/A/MPSRayIntersector
0x000000019af7a000 	/System/Library/Frameworks/MetalPerformanceShaders.framework/Versions/A/Frameworks/MPSNDArray.framework/Versions/A/MPSNDArray
0x00000001fb957000 	/System/Library/Frameworks/MetalPerformanceShaders.framework/Versions/A/Frameworks/MPSFunctions.framework/Versions/A/MPSFunctions
0x00000001fb939000 	/System/Library/Frameworks/MetalPerformanceShaders.framework/Versions/A/Frameworks/MPSBenchmarkLoop.framework/Versions/A/MPSBenchmarkLoop
0x000000018f51b000 	/System/Library/PrivateFrameworks/MetalTools.framework/Versions/A/MetalTools
0x00000001b7bf7000 	/System/Library/PrivateFrameworks/IOAccelMemoryInfo.framework/Versions/A/IOAccelMemoryInfo
0x00000001c326a000 	/System/Library/PrivateFrameworks/kperf.framework/Versions/A/kperf
0x00000001b3881000 	/System/Library/PrivateFrameworks/GPURawCounter.framework/Versions/A/GPURawCounter
0x00000001a488e000 	/System/Library/PrivateFrameworks/CoreSymbolication.framework/Versions/A/CoreSymbolication
0x00000001b383e000 	/System/Library/PrivateFrameworks/MallocStackLogging.framework/Versions/A/MallocStackLogging
0x000000019cbbb000 	/System/Library/PrivateFrameworks/CrashReporterSupport.framework/Versions/A/CrashReporterSupport
0x00000001a4849000 	/System/Library/PrivateFrameworks/DebugSymbols.framework/Versions/A/DebugSymbols
0x00000001c25bd000 	/System/Library/PrivateFrameworks/OSAnalytics.framework/Versions/A/OSAnalytics
0x0000000224099000 	/System/Library/PrivateFrameworks/VideoToolboxParavirtualizationSupport.framework/Versions/A/VideoToolboxParavirtualizationSupport
0x000000019cdde000 	/System/Library/PrivateFrameworks/AppleVA.framework/Versions/A/AppleVA
0x000000019ee10000 	/System/Library/Frameworks/ApplicationServices.framework/Versions/A/Frameworks/ATS.framework/Versions/A/ATS
0x000000019514f000 	/System/Library/Frameworks/ApplicationServices.framework/Versions/A/Frameworks/HIServices.framework/Versions/A/HIServices
0x000000019da4f000 	/System/Library/Frameworks/ApplicationServices.framework/Versions/A/Frameworks/PrintCore.framework/Versions/A/PrintCore
0x000000019f1f9000 	/System/Library/Frameworks/ApplicationServices.framework/Versions/A/Frameworks/QD.framework/Versions/A/QD
0x000000019f1ed000 	/System/Library/Frameworks/ApplicationServices.framework/Versions/A/Frameworks/ColorSyncLegacy.framework/Versions/A/ColorSyncLegacy
0x000000019ede0000 	/System/Library/Frameworks/ApplicationServices.framework/Versions/A/Frameworks/SpeechSynthesis.framework/Versions/A/SpeechSynthesis
0x000000019da0c000 	/System/Library/Frameworks/ApplicationServices.framework/Versions/A/Frameworks/ATSUI.framework/Versions/A/ATSUI
0x000000019f180000 	/usr/lib/libcups.2.dylib
0x000000019f569000 	/System/Library/Frameworks/Kerberos.framework/Versions/A/Kerberos
0x000000019f57a000 	/System/Library/Frameworks/GSS.framework/Versions/A/GSS
0x000000019ee8f000 	/usr/lib/libresolv.9.dylib
0x000000019d016000 	/System/Library/PrivateFrameworks/Heimdal.framework/Versions/A/Heimdal
0x00000001a68ab000 	/System/Library/Frameworks/Kerberos.framework/Versions/A/Libraries/libHeimdalProxy.dylib
0x000000019f5d4000 	/System/Library/PrivateFrameworks/CommonAuth.framework/Versions/A/CommonAuth
0x00000001f884a000 	/System/Library/Frameworks/AVFAudio.framework/Versions/A/AVFAudio
0x00000001ae60c000 	/System/Library/PrivateFrameworks/AXCoreUtilities.framework/Versions/A/AXCoreUtilities
0x000000019ed4c000 	/System/Library/PrivateFrameworks/AudioSession.framework/Versions/A/AudioSession
0x00000001a079e000 	/System/Library/Frameworks/IOBluetooth.framework/Versions/A/IOBluetooth
0x000000019cee9000 	/System/Library/PrivateFrameworks/MediaExperience.framework/Versions/A/MediaExperience
0x000000019eb90000 	/System/Library/PrivateFrameworks/AudioSession.framework/libSessionUtility.dylib
0x000000019f205000 	/System/Library/PrivateFrameworks/AudioResourceArbitration.framework/Versions/A/AudioResourceArbitration
0x00000001a3827000 	/System/Library/PrivateFrameworks/PowerLog.framework/Versions/A/PowerLog
0x00000001a374a000 	/System/Library/Frameworks/CoreBluetooth.framework/Versions/A/CoreBluetooth
0x00000001a68ac000 	/System/Library/Frameworks/AudioUnit.framework/Versions/A/AudioUnit
0x000000019a84e000 	/System/Library/PrivateFrameworks/CoreUtils.framework/Versions/A/CoreUtils
0x000000020680b000 	/System/Library/PrivateFrameworks/CoreUtilsExtras.framework/Versions/A/CoreUtilsExtras
0x000000021103e000 	/System/Library/PrivateFrameworks/IO80211.framework/Versions/A/IO80211
0x00000001ae627000 	/usr/lib/libAccessibility.dylib
0x00000001a2e4e000 	/System/Library/Frameworks/MediaAccessibility.framework/Versions/A/MediaAccessibility
0x00000001a43c6000 	/System/Library/PrivateFrameworks/FrontBoardServices.framework/Versions/A/FrontBoardServices
0x00000001a5e95000 	/System/Library/PrivateFrameworks/BackBoardServices.framework/Versions/A/BackBoardServices
0x00000001a4480000 	/System/Library/PrivateFrameworks/BoardServices.framework/Versions/A/BoardServices
0x000000019ce50000 	/System/Library/PrivateFrameworks/IconFoundation.framework/Versions/A/IconFoundation
0x00000001a26e6000 	/System/Library/PrivateFrameworks/SpeechRecognitionCore.framework/Versions/A/SpeechRecognitionCore
0x00000001d2286000 	/System/Library/Frameworks/OSLog.framework/Versions/A/OSLog
0x00000001b37ce000 	/System/Library/PrivateFrameworks/LoggingSupport.framework/Versions/A/LoggingSupport
0x0000000101e50000 	/Library/Java/JavaVirtualMachines/jdk-20.jdk/Contents/Home/lib/server/libjvm.dylib
0x0000000100a00000 	/Library/Java/JavaVirtualMachines/jdk-20.jdk/Contents/Home/lib/libjimage.dylib
0x0000000100a48000 	/Library/Java/JavaVirtualMachines/jdk-20.jdk/Contents/Home/lib/libjava.dylib
0x0000000100cbc000 	/Library/Java/JavaVirtualMachines/jdk-20.jdk/Contents/Home/lib/libnio.dylib
0x0000000100cdc000 	/Library/Java/JavaVirtualMachines/jdk-20.jdk/Contents/Home/lib/libnet.dylib
0x0000000100d1c000 	/Library/Java/JavaVirtualMachines/jdk-20.jdk/Contents/Home/lib/libzip.dylib
0x0000000100cf4000 	/Users/fianchetto/Downloads/javafx-sdk-20.0.2/lib/libprism_es2.dylib
0x00000001f6e39000 	/System/Library/Frameworks/OpenGL.framework/Versions/A/Resources/GLEngine.bundle/GLEngine
0x00000001f6cd1000 	/System/Library/Frameworks/OpenGL.framework/Versions/A/Libraries/libGLProgrammability.dylib
0x000000011ddc8000 	/System/Library/Extensions/AppleMetalOpenGLRenderer.bundle/Contents/MacOS/AppleMetalOpenGLRenderer
0x00000001f6f99000 	/System/Library/Frameworks/OpenGL.framework/Versions/A/Resources/GLRendererFloat.bundle/GLRendererFloat
0x00000001f70a6000 	/System/Library/Extensions/AGXMetal13_3.bundle/Contents/MacOS/AGXMetal13_3
0x00000001ad56c000 	/System/Library/PrivateFrameworks/IOGPU.framework/Versions/A/IOGPU
0x000000011dec0000 	/Users/fianchetto/Downloads/javafx-sdk-20.0.2/lib/libglass.dylib
0x00000001a3a6c000 	/System/Library/Frameworks/FileProvider.framework/Versions/A/FileProvider
0x0000000195b64000 	/System/Library/Frameworks/Accounts.framework/Versions/A/Accounts
0x00000001a3c11000 	/System/Library/PrivateFrameworks/GenerationalStorage.framework/Versions/A/GenerationalStorage
0x00000001a381b000 	/System/Library/PrivateFrameworks/SymptomDiagnosticReporter.framework/Versions/A/SymptomDiagnosticReporter
0x0000000193a8c000 	/System/Library/PrivateFrameworks/DesktopServicesPriv.framework/Versions/A/DesktopServicesPriv
0x0000000192556000 	/usr/lib/libsandbox.1.dylib
0x000000019f1e0000 	/System/Library/PrivateFrameworks/NetAuth.framework/Versions/A/NetAuth
0x00000001a041a000 	/System/Library/PrivateFrameworks/Sharing.framework/Versions/A/Sharing
0x0000000197726000 	/System/Library/PrivateFrameworks/login.framework/Versions/A/Frameworks/loginsupport.framework/Versions/A/loginsupport
0x00000001a5cce000 	/System/Library/PrivateFrameworks/Apple80211.framework/Versions/A/Apple80211
0x000000019b1ee000 	/System/Library/PrivateFrameworks/AuthKit.framework/Versions/A/AuthKit
0x000000019a7d1000 	/System/Library/Frameworks/CoreWLAN.framework/Versions/A/CoreWLAN
0x00000001b3885000 	/usr/lib/swift/libswiftCoreAudio.dylib
0x00000001b8936000 	/usr/lib/swift/libswiftCoreLocation.dylib
0x000000019cbb2000 	/usr/lib/libIOReport.dylib
0x00000001a5cd2000 	/System/Library/PrivateFrameworks/CoreWiFi.framework/Versions/A/CoreWiFi
0x00000001d900c000 	/System/Library/PrivateFrameworks/WiFiPeerToPeer.framework/Versions/A/WiFiPeerToPeer
0x000000019b383000 	/System/Library/Frameworks/UserNotifications.framework/Versions/A/UserNotifications
0x000000019f70b000 	/System/Library/PrivateFrameworks/CorePhoneNumbers.framework/Versions/A/CorePhoneNumbers
0x000000019eebc000 	/System/Library/PrivateFrameworks/MultiverseSupport.framework/Versions/A/MultiverseSupport
0x00000001a6123000 	/System/Library/PrivateFrameworks/RemoteServiceDiscovery.framework/Versions/A/RemoteServiceDiscovery
0x00000001a3948000 	/System/Library/PrivateFrameworks/DiskManagement.framework/Versions/A/DiskManagement
0x00000001a384f000 	/System/Library/PrivateFrameworks/AppleIDAuthSupport.framework/Versions/A/AppleIDAuthSupport
0x00000001ff3a7000 	/System/Library/PrivateFrameworks/AAAFoundation.framework/Versions/A/AAAFoundation
0x000000019f6e3000 	/System/Library/PrivateFrameworks/KeychainCircle.framework/Versions/A/KeychainCircle
0x00000001a6137000 	/System/Library/PrivateFrameworks/RemoteXPC.framework/Versions/A/RemoteXPC
0x00000001a61d9000 	/usr/lib/libcsfde.dylib
0x000000019cd5a000 	/usr/lib/libCoreStorage.dylib
0x00000001a3914000 	/System/Library/PrivateFrameworks/MediaKit.framework/Versions/A/MediaKit
0x00000001a385c000 	/System/Library/Frameworks/DiscRecording.framework/Versions/A/DiscRecording
0x00000001a087d000 	/System/Library/PrivateFrameworks/ProtectedCloudStorage.framework/Versions/A/ProtectedCloudStorage
0x00000001a61d1000 	/System/Library/PrivateFrameworks/EFILogin.framework/Versions/A/EFILogin
0x00000001a3c39000 	/System/Library/PrivateFrameworks/OctagonTrust.framework/Versions/A/OctagonTrust
0x0000000198d06000 	/System/Library/Frameworks/CoreLocation.framework/Versions/A/CoreLocation
0x00000001a0b38000 	/System/Library/PrivateFrameworks/GeoServices.framework/Versions/A/GeoServices
0x000000019eb5a000 	/System/Library/PrivateFrameworks/LocationSupport.framework/Versions/A/LocationSupport
0x000000020dfc5000 	/System/Library/PrivateFrameworks/GeoServicesCore.framework/Versions/A/GeoServicesCore
0x00000001ae601000 	/System/Library/PrivateFrameworks/PhoneNumbers.framework/Versions/A/PhoneNumbers
0x000000019cd52000 	/usr/lib/libMatch.1.dylib
0x00000001b891c000 	/System/Library/Frameworks/Accelerate.framework/Versions/A/Frameworks/vImage.framework/Versions/A/Libraries/libCGInterfaces.dylib
0x0000000125a34000 	/usr/lib/libobjc-trampolines.dylib
0x000000022c84f000 	/usr/lib/libAccessibilityBaseImplementations.dylib
0x000000019740a000 	/System/Library/PrivateFrameworks/ViewBridge.framework/Versions/A/ViewBridge
0x0000000126de4000 	/Users/fianchetto/Downloads/javafx-sdk-20.0.2/lib/libjavafx_font.dylib
0x000000019d0e6000 	/System/Library/PrivateFrameworks/login.framework/Versions/A/login
0x00000001a4596000 	/System/Library/Frameworks/LocalAuthentication.framework/Versions/A/LocalAuthentication
0x00000001a45dd000 	/System/Library/Frameworks/LocalAuthentication.framework/Support/SharedUtils.framework/Versions/A/SharedUtils
0x00000001a4533000 	/System/Library/Frameworks/CryptoTokenKit.framework/Versions/A/CryptoTokenKit
0x00000002208f9000 	/System/Library/PrivateFrameworks/TextInputUI.framework/Versions/A/TextInputUI
0x0000000220901000 	/System/Library/PrivateFrameworks/TextInputUIMacHelper.framework/Versions/A/TextInputUIMacHelper
0x00000001b25aa000 	/System/Library/Frameworks/Carbon.framework/Versions/A/Carbon
0x00000001aa99a000 	/System/Library/Frameworks/Carbon.framework/Versions/A/Frameworks/CommonPanels.framework/Versions/A/CommonPanels
0x00000001a61cd000 	/System/Library/Frameworks/Carbon.framework/Versions/A/Frameworks/Help.framework/Versions/A/Help
0x00000001aa99e000 	/System/Library/Frameworks/Carbon.framework/Versions/A/Frameworks/ImageCapture.framework/Versions/A/ImageCapture
0x00000001aa972000 	/System/Library/Frameworks/Carbon.framework/Versions/A/Frameworks/OpenScripting.framework/Versions/A/OpenScripting
0x00000001aa996000 	/System/Library/Frameworks/Carbon.framework/Versions/A/Frameworks/Ink.framework/Versions/A/Ink
0x00000001aa992000 	/System/Library/Frameworks/Carbon.framework/Versions/A/Frameworks/SecurityHI.framework/Versions/A/SecurityHI
0x00000001ffc56000 	/System/Library/PrivateFrameworks/AccessibilityBundles.framework/Versions/A/AccessibilityBundles


VM Arguments:
jvm_args: --module-path=/Users/fianchetto/Downloads/javafx-sdk-20.0.2/lib --add-modules=javafx.controls,javafx.fxml -Dfile.encoding=UTF-8 -XX:+ShowCodeDetailsInExceptionMessages 
java_command: main.Main
java_class_path (initial): /Users/fianchetto/Documents/GitHub/PlatformerPrototype/src
Launcher Type: SUN_STANDARD

[Global flags]
     intx CICompilerCount                          = 4                                         {product} {ergonomic}
     uint ConcGCThreads                            = 2                                         {product} {ergonomic}
     uint G1ConcRefinementThreads                  = 8                                         {product} {ergonomic}
   size_t G1HeapRegionSize                         = 1048576                                   {product} {ergonomic}
    uintx GCDrainStackTargetSize                   = 64                                        {product} {ergonomic}
   size_t InitialHeapSize                          = 134217728                                 {product} {ergonomic}
   size_t MarkStackSize                            = 4194304                                   {product} {ergonomic}
   size_t MaxHeapSize                              = 2147483648                                {product} {ergonomic}
   size_t MaxNewSize                               = 1287651328                                {product} {ergonomic}
   size_t MinHeapDeltaBytes                        = 1048576                                   {product} {ergonomic}
   size_t MinHeapSize                              = 8388608                                   {product} {ergonomic}
    uintx NonNMethodCodeHeapSize                   = 5839564                                {pd product} {ergonomic}
    uintx NonProfiledCodeHeapSize                  = 122909338                              {pd product} {ergonomic}
    uintx ProfiledCodeHeapSize                     = 122909338                              {pd product} {ergonomic}
    uintx ReservedCodeCacheSize                    = 251658240                              {pd product} {ergonomic}
     bool SegmentedCodeCache                       = true                                      {product} {ergonomic}
     bool ShowCodeDetailsInExceptionMessages       = true                                   {manageable} {command line}
   size_t SoftMaxHeapSize                          = 2147483648                             {manageable} {ergonomic}
     bool UseCompressedClassPointers               = true                           {product lp64_product} {ergonomic}
     bool UseCompressedOops                        = true                           {product lp64_product} {ergonomic}
     bool UseG1GC                                  = true                                      {product} {ergonomic}
     bool UseNUMA                                  = false                                     {product} {ergonomic}
     bool UseNUMAInterleaving                      = false                                     {product} {ergonomic}

Logging:
Log output configuration:
 #0: stdout all=warning uptime,level,tags foldmultilines=false
 #1: stderr all=off uptime,level,tags foldmultilines=false

Environment Variables:
PATH=/usr/bin:/bin:/usr/sbin:/sbin
SHELL=/bin/zsh
DISPLAY=/private/tmp/com.apple.launchd.AXsPIpO60k/org.xquartz:0
TMPDIR=/var/folders/d7/cwsl1h711d96ppggdy8n_s5r0000gn/T/

Active Locale:
LC_ALL=C
LC_COLLATE=C
LC_CTYPE=C
LC_MESSAGES=C
LC_MONETARY=C
LC_NUMERIC=C
LC_TIME=C

Signal Handlers:
   SIGSEGV: crash_handler in libjvm.dylib, mask=11100110000111110111111111111111, flags=SA_ONSTACK|SA_RESTART|SA_SIGINFO, unblocked
    SIGBUS: crash_handler in libjvm.dylib, mask=11100110000111110111111111111111, flags=SA_RESTART|SA_SIGINFO, unblocked
    SIGFPE: crash_handler in libjvm.dylib, mask=11100110000111110111111111111111, flags=SA_RESTART|SA_SIGINFO, unblocked
   SIGPIPE: javaSignalHandler in libjvm.dylib, mask=11100110000111110111111111111111, flags=SA_RESTART|SA_SIGINFO, blocked
   SIGXFSZ: javaSignalHandler in libjvm.dylib, mask=11100110000111110111111111111111, flags=SA_RESTART|SA_SIGINFO, blocked
    SIGILL: crash_handler in libjvm.dylib, mask=11100110000111110111111111111111, flags=SA_RESTART|SA_SIGINFO, unblocked
   SIGUSR2: SR_handler in libjvm.dylib, mask=00000000000000000000000000000000, flags=SA_RESTART|SA_SIGINFO, blocked
    SIGHUP: UserHandler in libjvm.dylib, mask=11100110000111110111111111111111, flags=SA_RESTART|SA_SIGINFO, blocked
    SIGINT: UserHandler in libjvm.dylib, mask=11100110000111110111111111111111, flags=SA_RESTART|SA_SIGINFO, blocked
   SIGTERM: UserHandler in libjvm.dylib, mask=11100110000111110111111111111111, flags=SA_RESTART|SA_SIGINFO, blocked
   SIGQUIT: UserHandler in libjvm.dylib, mask=11100110000111110111111111111111, flags=SA_RESTART|SA_SIGINFO, blocked
   SIGTRAP: crash_handler in libjvm.dylib, mask=11100110000111110111111111111111, flags=SA_RESTART|SA_SIGINFO, unblocked


---------------  S Y S T E M  ---------------

OS:
uname: Darwin 23.1.0 Darwin Kernel Version 23.1.0: Mon Oct  9 21:28:12 PDT 2023; root:xnu-10002.41.9~6/RELEASE_ARM64_T8103 arm64
OS uptime: 12 days 22:24 hours
rlimit (soft/hard): STACK 8176k/65520k , CORE 0k/infinity , NPROC 1333/2000 , NOFILE 10240/infinity , AS infinity/infinity , CPU infinity/infinity , DATA infinity/infinity , FSIZE infinity/infinity , MEMLOCK infinity/infinity , RSS infinity/infinity
load average: 4.80 5.55 6.39

CPU: total 8 (initial active 8) 0x61:0x0:0x1b588bb3:0, fp, asimd, aes, pmull, crc32, lse

Memory: 16k page, physical 8388608k(86016k free), swap 14680064k(461120k free)

vm_info: Java HotSpot(TM) 64-Bit Server VM (20.0.2+9-78) for bsd-aarch64 JRE (20.0.2+9-78), built on 2023-06-14T10:08:48Z by "mach5one" with clang Apple LLVM 12.0.0 (clang-1200.0.32.29)

END.
